[ 2018-02-25T16:37:10+08:00 ] 127.0.0.1 /
INFO: [ app_init ] --START--
INFO: Run Behavior\BuildLiteBehavior [ RunTime:0.000000s ]
INFO: [ app_init ] --END-- [ RunTime:0.002000s ]
INFO: [ app_begin ] --START--
INFO: Run Behavior\ReadHtmlCacheBehavior [ RunTime:0.002000s ]
INFO: [ app_begin ] --END-- [ RunTime:0.002000s ]
NOTIC: [2048] Declaration of Admin\Model\CategoryModel::_before_delete() should be compatible with Think\Model::_before_delete($options) D:\wamp\www\70shop\Application\Admin\Model\CategoryModel.class.php 第 5 行.
SQL: SHOW COLUMNS FROM `p70_category` [ RunTime:0.0220s ]
NOTIC: [8] Undefined variable: catData D:\wamp\www\70shop\Application\Admin\Model\CategoryModel.class.php 第 81 行.
SQL: SELECT * FROM `p70_category`  [ RunTime:0.0020s ]
NOTIC: [2048] Declaration of Admin\Model\GoodsModel::_after_insert() should be compatible with Think\Model::_after_insert($data, $options) D:\wamp\www\70shop\Application\Admin\Model\GoodsModel.class.php 第 711 行.
NOTIC: [2048] Declaration of Admin\Model\GoodsModel::_before_delete() should be compatible with Think\Model::_before_delete($options) D:\wamp\www\70shop\Application\Admin\Model\GoodsModel.class.php 第 711 行.
NOTIC: [8] Constant APP_DEBUG already defined D:\wamp\www\70shop\Application\Admin\Model\GoodsModel.class.php 第 4 行.
SQL: SHOW COLUMNS FROM `p70_goods` [ RunTime:0.0080s ]
SQL: SELECT `id`,`goods_name`,`mid_logo`,`promote_price` FROM `p70_goods` WHERE `is_on_sale` = '是' AND `promote_price` > 0 AND `promote_start_date` <= '2018-02-25 16:37' AND `promote_end_date` >= '2018-02-25 16:37' ORDER BY sort_num ASC LIMIT 5   [ RunTime:0.0020s ]
SQL: SELECT `id`,`goods_name`,`mid_logo`,`promote_price` FROM `p70_goods` WHERE `is_on_sale` = '是' AND `is_new` = '是' ORDER BY sort_num ASC LIMIT 5   [ RunTime:0.0020s ]
SQL: SELECT `id`,`goods_name`,`mid_logo`,`promote_price` FROM `p70_goods` WHERE `is_on_sale` = '是' AND `is_hot` = '是' ORDER BY sort_num ASC LIMIT 5   [ RunTime:0.0010s ]
SQL: SELECT `id`,`goods_name`,`mid_logo`,`promote_price` FROM `p70_goods` WHERE `is_on_sale` = '是' AND `is_best` = '是' ORDER BY sort_num ASC LIMIT 5   [ RunTime:0.0000s ]
NOTIC: [8] Undefined variable: floorData D:\wamp\www\70shop\Application\Admin\Model\CategoryModel.class.php 第 113 行.
SQL: SELECT * FROM `p70_category` WHERE `parent_id` = 0 AND `is_floor` = '是'  [ RunTime:0.0010s ]
SQL: SELECT * FROM `p70_category` WHERE `parent_id` = '4' AND `is_floor` = '否'  [ RunTime:0.0010s ]
SQL: SELECT * FROM `p70_category` WHERE `parent_id` = '4' AND `is_floor` = '是'  [ RunTime:0.0010s ]
SQL: SHOW COLUMNS FROM `p70_category` [ RunTime:0.0070s ]
SQL: SELECT * FROM `p70_category`  [ RunTime:0.0000s ]
SQL: SELECT `id` FROM `p70_goods` WHERE `cat_id` IN ('17','18','23','19','20','1')  [ RunTime:0.0000s ]
SQL: SHOW COLUMNS FROM `p70_goods_cat` [ RunTime:0.0080s ]
SQL: SELECT DISTINCT goods_id id FROM `p70_goods_cat` WHERE `cat_id` IN ('17','18','23','19','20','1')  [ RunTime:0.0010s ]
SQL: SELECT `id`,`mid_logo`,`goods_name`,`shop_price` FROM `p70_goods` WHERE `is_on_sale` = '是' AND `is_floor` = '是' AND `id` IN ('33','38','44','45','37','41','43') ORDER BY sort_num ASC LIMIT 8   [ RunTime:0.0000s ]
SQL: SELECT DISTINCT brand_id,b.brand_name,b.logo FROM p70_goods a LEFT JOIN p70_brand b ON a.brand_id=b.id  WHERE a.id IN ('33','38','44','45','37','41','43') AND a.brand_id <> 0 LIMIT 9   [ RunTime:0.0030s ]
INFO: [ view_parse ] --START--
INFO: [ template_filter ] --START--
INFO: Run Behavior\ContentReplaceBehavior [ RunTime:0.001000s ]
INFO: [ template_filter ] --END-- [ RunTime:0.001000s ]
NOTIC: [8] Undefined index: children D:\wamp\www\70shop\Application\Runtime\Cache\Home\2a94b8bda04ff446dcedd42276fc99ee.php 第 154 行.
NOTIC: [2] Invalid argument supplied for foreach() D:\wamp\www\70shop\Application\Runtime\Cache\Home\2a94b8bda04ff446dcedd42276fc99ee.php 第 154 行.
NOTIC: [8] Undefined index: children D:\wamp\www\70shop\Application\Runtime\Cache\Home\2a94b8bda04ff446dcedd42276fc99ee.php 第 150 行.
NOTIC: [2] Invalid argument supplied for foreach() D:\wamp\www\70shop\Application\Runtime\Cache\Home\2a94b8bda04ff446dcedd42276fc99ee.php 第 150 行.
NOTIC: [8] Undefined index: children D:\wamp\www\70shop\Application\Runtime\Cache\Home\2a94b8bda04ff446dcedd42276fc99ee.php 第 154 行.
NOTIC: [2] Invalid argument supplied for foreach() D:\wamp\www\70shop\Application\Runtime\Cache\Home\2a94b8bda04ff446dcedd42276fc99ee.php 第 154 行.
NOTIC: [8] Undefined index: children D:\wamp\www\70shop\Application\Runtime\Cache\Home\2a94b8bda04ff446dcedd42276fc99ee.php 第 154 行.
NOTIC: [2] Invalid argument supplied for foreach() D:\wamp\www\70shop\Application\Runtime\Cache\Home\2a94b8bda04ff446dcedd42276fc99ee.php 第 154 行.
NOTIC: [8] Undefined index: children D:\wamp\www\70shop\Application\Runtime\Cache\Home\2a94b8bda04ff446dcedd42276fc99ee.php 第 154 行.
NOTIC: [2] Invalid argument supplied for foreach() D:\wamp\www\70shop\Application\Runtime\Cache\Home\2a94b8bda04ff446dcedd42276fc99ee.php 第 154 行.
NOTIC: [8] Undefined index: children D:\wamp\www\70shop\Application\Runtime\Cache\Home\2a94b8bda04ff446dcedd42276fc99ee.php 第 150 行.
NOTIC: [2] Invalid argument supplied for foreach() D:\wamp\www\70shop\Application\Runtime\Cache\Home\2a94b8bda04ff446dcedd42276fc99ee.php 第 150 行.
NOTIC: [8] Undefined index: children D:\wamp\www\70shop\Application\Runtime\Cache\Home\2a94b8bda04ff446dcedd42276fc99ee.php 第 150 行.
NOTIC: [2] Invalid argument supplied for foreach() D:\wamp\www\70shop\Application\Runtime\Cache\Home\2a94b8bda04ff446dcedd42276fc99ee.php 第 150 行.
NOTIC: [8] Undefined index: children D:\wamp\www\70shop\Application\Runtime\Cache\Home\2a94b8bda04ff446dcedd42276fc99ee.php 第 150 行.
NOTIC: [2] Invalid argument supplied for foreach() D:\wamp\www\70shop\Application\Runtime\Cache\Home\2a94b8bda04ff446dcedd42276fc99ee.php 第 150 行.
NOTIC: [8] Undefined index: children D:\wamp\www\70shop\Application\Runtime\Cache\Home\2a94b8bda04ff446dcedd42276fc99ee.php 第 150 行.
NOTIC: [2] Invalid argument supplied for foreach() D:\wamp\www\70shop\Application\Runtime\Cache\Home\2a94b8bda04ff446dcedd42276fc99ee.php 第 150 行.
NOTIC: [8] Undefined index: children D:\wamp\www\70shop\Application\Runtime\Cache\Home\2a94b8bda04ff446dcedd42276fc99ee.php 第 150 行.
NOTIC: [2] Invalid argument supplied for foreach() D:\wamp\www\70shop\Application\Runtime\Cache\Home\2a94b8bda04ff446dcedd42276fc99ee.php 第 150 行.
NOTIC: [8] Undefined index: children D:\wamp\www\70shop\Application\Runtime\Cache\Home\2a94b8bda04ff446dcedd42276fc99ee.php 第 150 行.
NOTIC: [2] Invalid argument supplied for foreach() D:\wamp\www\70shop\Application\Runtime\Cache\Home\2a94b8bda04ff446dcedd42276fc99ee.php 第 150 行.
NOTIC: [8] Undefined index: children D:\wamp\www\70shop\Application\Runtime\Cache\Home\2a94b8bda04ff446dcedd42276fc99ee.php 第 150 行.
NOTIC: [2] Invalid argument supplied for foreach() D:\wamp\www\70shop\Application\Runtime\Cache\Home\2a94b8bda04ff446dcedd42276fc99ee.php 第 150 行.
NOTIC: [8] Undefined index: children D:\wamp\www\70shop\Application\Runtime\Cache\Home\2a94b8bda04ff446dcedd42276fc99ee.php 第 150 行.
NOTIC: [2] Invalid argument supplied for foreach() D:\wamp\www\70shop\Application\Runtime\Cache\Home\2a94b8bda04ff446dcedd42276fc99ee.php 第 150 行.
NOTIC: [8] Undefined index: children D:\wamp\www\70shop\Application\Runtime\Cache\Home\2a94b8bda04ff446dcedd42276fc99ee.php 第 150 行.
NOTIC: [2] Invalid argument supplied for foreach() D:\wamp\www\70shop\Application\Runtime\Cache\Home\2a94b8bda04ff446dcedd42276fc99ee.php 第 150 行.
NOTIC: [8] Undefined index: children D:\wamp\www\70shop\Application\Runtime\Cache\Home\2a94b8bda04ff446dcedd42276fc99ee.php 第 150 行.
NOTIC: [2] Invalid argument supplied for foreach() D:\wamp\www\70shop\Application\Runtime\Cache\Home\2a94b8bda04ff446dcedd42276fc99ee.php 第 150 行.
INFO: Run Behavior\ParseTemplateBehavior [ RunTime:0.062003s ]
INFO: [ view_parse ] --END-- [ RunTime:0.062003s ]
INFO: [ view_filter ] --START--
INFO: Run Behavior\WriteHtmlCacheBehavior [ RunTime:0.001000s ]
INFO: [ view_filter ] --END-- [ RunTime:0.001000s ]
INFO: [ app_end ] --START--
INFO: Run Behavior\ShowPageTraceBehavior [ RunTime:0.002000s ]
INFO: [ app_end ] --END-- [ RunTime:0.002000s ]

[ 2018-02-25T16:37:11+08:00 ] 127.0.0.1 /index.php/Home/Member/ajaxChkLogin.html
INFO: [ app_init ] --START--
INFO: Run Behavior\BuildLiteBehavior [ RunTime:0.000000s ]
INFO: [ app_init ] --END-- [ RunTime:0.001000s ]
INFO: [ app_begin ] --START--
INFO: Run Behavior\ReadHtmlCacheBehavior [ RunTime:0.001000s ]
INFO: [ app_begin ] --END-- [ RunTime:0.001000s ]
INFO: [ app_end ] --START--
INFO: Run Behavior\ShowPageTraceBehavior [ RunTime:0.002000s ]
INFO: [ app_end ] --END-- [ RunTime:0.002000s ]

[ 2018-02-25T16:37:44+08:00 ] 127.0.0.1 /index.php/Home/Index/goods/id/38.html
INFO: [ app_init ] --START--
INFO: Run Behavior\BuildLiteBehavior [ RunTime:0.000000s ]
INFO: [ app_init ] --END-- [ RunTime:0.001000s ]
INFO: [ app_begin ] --START--
INFO: Run Behavior\ReadHtmlCacheBehavior [ RunTime:0.001001s ]
INFO: [ app_begin ] --END-- [ RunTime:0.001001s ]
NOTIC: [2048] Declaration of Admin\Model\CategoryModel::_before_delete() should be compatible with Think\Model::_before_delete($options) D:\wamp\www\70shop\Application\Admin\Model\CategoryModel.class.php 第 5 行.
SQL: SHOW COLUMNS FROM `p70_category` [ RunTime:0.0060s ]
NOTIC: [8] Undefined variable: catData D:\wamp\www\70shop\Application\Admin\Model\CategoryModel.class.php 第 81 行.
SQL: SELECT * FROM `p70_category`  [ RunTime:0.0010s ]
SQL: SHOW COLUMNS FROM `p70_goods` [ RunTime:0.0080s ]
SQL: SELECT * FROM `p70_goods` WHERE `id` = 38 LIMIT 1   [ RunTime:0.0000s ]
SQL: SELECT `id`,`cat_name`,`parent_id` FROM `p70_category` WHERE `id` = 1 LIMIT 1   [ RunTime:0.0000s ]
SQL: SELECT `id`,`cat_name`,`parent_id` FROM `p70_category` WHERE `id` = 4 LIMIT 1   [ RunTime:0.0000s ]
SQL: SHOW COLUMNS FROM `p70_goods_pic` [ RunTime:0.0080s ]
SQL: SELECT * FROM `p70_goods_pic` WHERE `goods_id` = '38'  [ RunTime:0.0000s ]
SQL: SHOW COLUMNS FROM `p70_goods_attr` [ RunTime:0.0120s ]
SQL: SELECT a.*,b.attr_name,b.attr_type FROM p70_goods_attr a LEFT JOIN p70_attribute b ON b.id=a.attr_id  WHERE `goods_id` = '38'  [ RunTime:0.0030s ]
SQL: SHOW COLUMNS FROM `p70_member_price` [ RunTime:0.0060s ]
SQL: SELECT a.price,b.level_name FROM p70_member_price a LEFT JOIN p70_member_level b ON b.id=a.level_id  WHERE `goods_id` = '38'  [ RunTime:0.0030s ]
INFO: [ view_parse ] --START--
INFO: [ template_filter ] --START--
INFO: Run Behavior\ContentReplaceBehavior [ RunTime:0.001000s ]
INFO: [ template_filter ] --END-- [ RunTime:0.001000s ]
NOTIC: [8] Undefined index: children D:\wamp\www\70shop\Application\Runtime\Cache\Home\862a52d698112494831f0f0bc6d3727d.php 第 172 行.
NOTIC: [2] Invalid argument supplied for foreach() D:\wamp\www\70shop\Application\Runtime\Cache\Home\862a52d698112494831f0f0bc6d3727d.php 第 172 行.
NOTIC: [8] Undefined index: children D:\wamp\www\70shop\Application\Runtime\Cache\Home\862a52d698112494831f0f0bc6d3727d.php 第 168 行.
NOTIC: [2] Invalid argument supplied for foreach() D:\wamp\www\70shop\Application\Runtime\Cache\Home\862a52d698112494831f0f0bc6d3727d.php 第 168 行.
NOTIC: [8] Undefined index: children D:\wamp\www\70shop\Application\Runtime\Cache\Home\862a52d698112494831f0f0bc6d3727d.php 第 172 行.
NOTIC: [2] Invalid argument supplied for foreach() D:\wamp\www\70shop\Application\Runtime\Cache\Home\862a52d698112494831f0f0bc6d3727d.php 第 172 行.
NOTIC: [8] Undefined index: children D:\wamp\www\70shop\Application\Runtime\Cache\Home\862a52d698112494831f0f0bc6d3727d.php 第 172 行.
NOTIC: [2] Invalid argument supplied for foreach() D:\wamp\www\70shop\Application\Runtime\Cache\Home\862a52d698112494831f0f0bc6d3727d.php 第 172 行.
NOTIC: [8] Undefined index: children D:\wamp\www\70shop\Application\Runtime\Cache\Home\862a52d698112494831f0f0bc6d3727d.php 第 172 行.
NOTIC: [2] Invalid argument supplied for foreach() D:\wamp\www\70shop\Application\Runtime\Cache\Home\862a52d698112494831f0f0bc6d3727d.php 第 172 行.
NOTIC: [8] Undefined index: children D:\wamp\www\70shop\Application\Runtime\Cache\Home\862a52d698112494831f0f0bc6d3727d.php 第 168 行.
NOTIC: [2] Invalid argument supplied for foreach() D:\wamp\www\70shop\Application\Runtime\Cache\Home\862a52d698112494831f0f0bc6d3727d.php 第 168 行.
NOTIC: [8] Undefined index: children D:\wamp\www\70shop\Application\Runtime\Cache\Home\862a52d698112494831f0f0bc6d3727d.php 第 168 行.
NOTIC: [2] Invalid argument supplied for foreach() D:\wamp\www\70shop\Application\Runtime\Cache\Home\862a52d698112494831f0f0bc6d3727d.php 第 168 行.
NOTIC: [8] Undefined index: children D:\wamp\www\70shop\Application\Runtime\Cache\Home\862a52d698112494831f0f0bc6d3727d.php 第 168 行.
NOTIC: [2] Invalid argument supplied for foreach() D:\wamp\www\70shop\Application\Runtime\Cache\Home\862a52d698112494831f0f0bc6d3727d.php 第 168 行.
NOTIC: [8] Undefined index: children D:\wamp\www\70shop\Application\Runtime\Cache\Home\862a52d698112494831f0f0bc6d3727d.php 第 168 行.
NOTIC: [2] Invalid argument supplied for foreach() D:\wamp\www\70shop\Application\Runtime\Cache\Home\862a52d698112494831f0f0bc6d3727d.php 第 168 行.
NOTIC: [8] Undefined index: children D:\wamp\www\70shop\Application\Runtime\Cache\Home\862a52d698112494831f0f0bc6d3727d.php 第 168 行.
NOTIC: [2] Invalid argument supplied for foreach() D:\wamp\www\70shop\Application\Runtime\Cache\Home\862a52d698112494831f0f0bc6d3727d.php 第 168 行.
NOTIC: [8] Undefined index: children D:\wamp\www\70shop\Application\Runtime\Cache\Home\862a52d698112494831f0f0bc6d3727d.php 第 168 行.
NOTIC: [2] Invalid argument supplied for foreach() D:\wamp\www\70shop\Application\Runtime\Cache\Home\862a52d698112494831f0f0bc6d3727d.php 第 168 行.
NOTIC: [8] Undefined index: children D:\wamp\www\70shop\Application\Runtime\Cache\Home\862a52d698112494831f0f0bc6d3727d.php 第 168 行.
NOTIC: [2] Invalid argument supplied for foreach() D:\wamp\www\70shop\Application\Runtime\Cache\Home\862a52d698112494831f0f0bc6d3727d.php 第 168 行.
NOTIC: [8] Undefined index: children D:\wamp\www\70shop\Application\Runtime\Cache\Home\862a52d698112494831f0f0bc6d3727d.php 第 168 行.
NOTIC: [2] Invalid argument supplied for foreach() D:\wamp\www\70shop\Application\Runtime\Cache\Home\862a52d698112494831f0f0bc6d3727d.php 第 168 行.
NOTIC: [8] Undefined index: children D:\wamp\www\70shop\Application\Runtime\Cache\Home\862a52d698112494831f0f0bc6d3727d.php 第 168 行.
NOTIC: [2] Invalid argument supplied for foreach() D:\wamp\www\70shop\Application\Runtime\Cache\Home\862a52d698112494831f0f0bc6d3727d.php 第 168 行.
NOTIC: [8] Undefined index: children D:\wamp\www\70shop\Application\Runtime\Cache\Home\862a52d698112494831f0f0bc6d3727d.php 第 168 行.
NOTIC: [2] Invalid argument supplied for foreach() D:\wamp\www\70shop\Application\Runtime\Cache\Home\862a52d698112494831f0f0bc6d3727d.php 第 168 行.
NOTIC: [8] Undefined variable: gpData D:\wamp\www\70shop\Application\Runtime\Cache\Home\862a52d698112494831f0f0bc6d3727d.php 第 381 行.
NOTIC: [2] Invalid argument supplied for foreach() D:\wamp\www\70shop\Application\Runtime\Cache\Home\862a52d698112494831f0f0bc6d3727d.php 第 381 行.
INFO: Run Behavior\ParseTemplateBehavior [ RunTime:0.050002s ]
INFO: [ view_parse ] --END-- [ RunTime:0.050002s ]
INFO: [ view_filter ] --START--
INFO: Run Behavior\WriteHtmlCacheBehavior [ RunTime:0.002001s ]
INFO: [ view_filter ] --END-- [ RunTime:0.002001s ]
INFO: [ app_end ] --START--
INFO: Run Behavior\ShowPageTraceBehavior [ RunTime:0.002000s ]
INFO: [ app_end ] --END-- [ RunTime:0.002000s ]

[ 2018-02-25T16:37:44+08:00 ] 127.0.0.1 /index.php/Home/Member/chkcode.html
INFO: [ app_init ] --START--
INFO: Run Behavior\BuildLiteBehavior [ RunTime:0.000000s ]
INFO: [ app_init ] --END-- [ RunTime:0.001000s ]
INFO: [ app_begin ] --START--
INFO: Run Behavior\ReadHtmlCacheBehavior [ RunTime:0.001000s ]
INFO: [ app_begin ] --END-- [ RunTime:0.001000s ]
INFO: [ app_end ] --START--
INFO: Run Behavior\ShowPageTraceBehavior [ RunTime:0.001000s ]
INFO: [ app_end ] --END-- [ RunTime:0.001000s ]

[ 2018-02-25T16:37:44+08:00 ] 127.0.0.1 /index.php/Home/Index/ajaxGetMemberPrice/goods_id/38.html
INFO: [ app_init ] --START--
INFO: Run Behavior\BuildLiteBehavior [ RunTime:0.001000s ]
INFO: [ app_init ] --END-- [ RunTime:0.002000s ]
INFO: [ app_begin ] --START--
INFO: Run Behavior\ReadHtmlCacheBehavior [ RunTime:0.001000s ]
INFO: [ app_begin ] --END-- [ RunTime:0.002000s ]
NOTIC: [2048] Declaration of Admin\Model\CategoryModel::_before_delete() should be compatible with Think\Model::_before_delete($options) D:\wamp\www\70shop\Application\Admin\Model\CategoryModel.class.php 第 5 行.
SQL: SHOW COLUMNS FROM `p70_category` [ RunTime:0.0070s ]
NOTIC: [8] Undefined variable: catData D:\wamp\www\70shop\Application\Admin\Model\CategoryModel.class.php 第 81 行.
SQL: SELECT * FROM `p70_category`  [ RunTime:0.0020s ]
NOTIC: [2048] Declaration of Admin\Model\GoodsModel::_after_insert() should be compatible with Think\Model::_after_insert($data, $options) D:\wamp\www\70shop\Application\Admin\Model\GoodsModel.class.php 第 711 行.
NOTIC: [2048] Declaration of Admin\Model\GoodsModel::_before_delete() should be compatible with Think\Model::_before_delete($options) D:\wamp\www\70shop\Application\Admin\Model\GoodsModel.class.php 第 711 行.
NOTIC: [8] Constant APP_DEBUG already defined D:\wamp\www\70shop\Application\Admin\Model\GoodsModel.class.php 第 4 行.
SQL: SHOW COLUMNS FROM `p70_goods` [ RunTime:0.0090s ]
SQL: SELECT `promote_price` FROM `p70_goods` WHERE `id` = 38 LIMIT 1   [ RunTime:0.0010s ]
SQL: SELECT `shop_price` FROM `p70_goods` WHERE `id` = 38 LIMIT 1   [ RunTime:0.0010s ]
INFO: [ app_end ] --START--
INFO: Run Behavior\ShowPageTraceBehavior [ RunTime:0.002000s ]
INFO: [ app_end ] --END-- [ RunTime:0.002000s ]

[ 2018-02-25T16:37:44+08:00 ] 127.0.0.1 /index.php/Home/Comment/ajaxGetPl/goods_id/38/p/1
INFO: [ app_init ] --START--
INFO: Run Behavior\BuildLiteBehavior [ RunTime:0.000000s ]
INFO: [ app_init ] --END-- [ RunTime:0.002000s ]
INFO: [ app_begin ] --START--
INFO: Run Behavior\ReadHtmlCacheBehavior [ RunTime:0.001000s ]
INFO: [ app_begin ] --END-- [ RunTime:0.002001s ]
SQL: SHOW COLUMNS FROM `p70_comment` [ RunTime:0.0120s ]
SQL: SELECT COUNT(*) AS tp_count FROM p70_comment a WHERE a.goods_id = '38' LIMIT 1   [ RunTime:0.0010s ]
SQL: SELECT a.id,a.content,a.addtime,a.star,a.click_count,b.face,b.username,COUNT(c.id) reply_count FROM p70_comment a LEFT JOIN p70_member b ON a.member_id=b.id
                LEFT JOIN p70_comment_reply c ON a.id=c.comment_id  WHERE a.goods_id = '38' GROUP BY a.id ORDER BY a.id DESC LIMIT 0,5   [ RunTime:0.0030s ]
SQL: SELECT `star` FROM `p70_comment` WHERE `goods_id` = '38'  [ RunTime:0.0010s ]
SQL: SHOW COLUMNS FROM `p70_yinxiang` [ RunTime:0.0080s ]
SQL: SELECT * FROM `p70_yinxiang` WHERE `goods_id` = '38'  [ RunTime:0.0010s ]
SQL: SHOW COLUMNS FROM `p70_comment_reply` [ RunTime:0.0080s ]
NOTIC: [8] Undefined index: id D:\wamp\www\70shop\Application\Admin\Model\CommentModel.class.php 第 105 行.
SQL: SELECT a.content,a.addtime,b.username,b.face FROM p70_comment_reply a LEFT JOIN p70_member b ON a.member_id=b.id  WHERE a.comment_id = null ORDER BY a.id ASC  [ RunTime:0.0000s ]
NOTIC: [8] Undefined index: id D:\wamp\www\70shop\Application\Admin\Model\CommentModel.class.php 第 105 行.
SQL: SELECT a.content,a.addtime,b.username,b.face FROM p70_comment_reply a LEFT JOIN p70_member b ON a.member_id=b.id  WHERE a.comment_id = null ORDER BY a.id ASC  [ RunTime:0.0000s ]
NOTIC: [8] Undefined index: id D:\wamp\www\70shop\Application\Admin\Model\CommentModel.class.php 第 105 行.
SQL: SELECT a.content,a.addtime,b.username,b.face FROM p70_comment_reply a LEFT JOIN p70_member b ON a.member_id=b.id  WHERE a.comment_id = null ORDER BY a.id ASC  [ RunTime:0.0000s ]
NOTIC: [8] Undefined index: id D:\wamp\www\70shop\Application\Admin\Model\CommentModel.class.php 第 105 行.
SQL: SELECT a.content,a.addtime,b.username,b.face FROM p70_comment_reply a LEFT JOIN p70_member b ON a.member_id=b.id  WHERE a.comment_id = null ORDER BY a.id ASC  [ RunTime:0.0010s ]
NOTIC: [8] Undefined index: id D:\wamp\www\70shop\Application\Admin\Model\CommentModel.class.php 第 105 行.
SQL: SELECT a.content,a.addtime,b.username,b.face FROM p70_comment_reply a LEFT JOIN p70_member b ON a.member_id=b.id  WHERE a.comment_id = null ORDER BY a.id ASC  [ RunTime:0.0010s ]
INFO: [ app_end ] --START--
INFO: Run Behavior\ShowPageTraceBehavior [ RunTime:0.001000s ]
INFO: [ app_end ] --END-- [ RunTime:0.001000s ]

[ 2018-02-25T16:37:45+08:00 ] 127.0.0.1 /index.php/Home/Index/displayHistory/id/38.html
INFO: [ app_init ] --START--
INFO: Run Behavior\BuildLiteBehavior [ RunTime:0.001000s ]
INFO: [ app_init ] --END-- [ RunTime:0.001000s ]
INFO: [ app_begin ] --START--
INFO: Run Behavior\ReadHtmlCacheBehavior [ RunTime:0.001000s ]
INFO: [ app_begin ] --END-- [ RunTime:0.001000s ]
NOTIC: [2048] Declaration of Admin\Model\CategoryModel::_before_delete() should be compatible with Think\Model::_before_delete($options) D:\wamp\www\70shop\Application\Admin\Model\CategoryModel.class.php 第 5 行.
SQL: SHOW COLUMNS FROM `p70_category` [ RunTime:0.0120s ]
NOTIC: [8] Undefined variable: catData D:\wamp\www\70shop\Application\Admin\Model\CategoryModel.class.php 第 81 行.
SQL: SELECT * FROM `p70_category`  [ RunTime:0.0010s ]
SQL: SHOW COLUMNS FROM `p70_goods` [ RunTime:0.0070s ]
SQL: SELECT `id`,`mid_logo`,`goods_name` FROM `p70_goods` WHERE `id` IN ('38') AND `is_on_sale` = '是' ORDER BY FIELD(id,38)  [ RunTime:0.0030s ]
INFO: [ app_end ] --START--
INFO: Run Behavior\ShowPageTraceBehavior [ RunTime:0.001000s ]
INFO: [ app_end ] --END-- [ RunTime:0.001000s ]

[ 2018-02-25T16:37:45+08:00 ] 127.0.0.1 /index.php/Home/Member/ajaxChkLogin.html
INFO: [ app_init ] --START--
INFO: Run Behavior\BuildLiteBehavior [ RunTime:0.000000s ]
INFO: [ app_init ] --END-- [ RunTime:0.002000s ]
INFO: [ app_begin ] --START--
INFO: Run Behavior\ReadHtmlCacheBehavior [ RunTime:0.002001s ]
INFO: [ app_begin ] --END-- [ RunTime:0.002001s ]
INFO: [ app_end ] --START--
INFO: Run Behavior\ShowPageTraceBehavior [ RunTime:0.006001s ]
INFO: [ app_end ] --END-- [ RunTime:0.006001s ]

[ 2018-02-25T16:40:52+08:00 ] 127.0.0.1 /
INFO: [ app_init ] --START--
INFO: Run Behavior\BuildLiteBehavior [ RunTime:0.000000s ]
INFO: [ app_init ] --END-- [ RunTime:0.000000s ]
INFO: [ app_begin ] --START--
INFO: Run Behavior\ReadHtmlCacheBehavior [ RunTime:0.001000s ]
INFO: [ app_begin ] --END-- [ RunTime:0.001000s ]
NOTIC: [2048] Declaration of Admin\Model\CategoryModel::_before_delete() should be compatible with Think\Model::_before_delete($options) D:\wamp\www\70shop\Application\Admin\Model\CategoryModel.class.php 第 5 行.
SQL: SHOW COLUMNS FROM `p70_category` [ RunTime:0.0050s ]
NOTIC: [8] Undefined variable: catData D:\wamp\www\70shop\Application\Admin\Model\CategoryModel.class.php 第 81 行.
SQL: SELECT * FROM `p70_category`  [ RunTime:0.0000s ]
NOTIC: [2048] Declaration of Admin\Model\GoodsModel::_after_insert() should be compatible with Think\Model::_after_insert($data, $options) D:\wamp\www\70shop\Application\Admin\Model\GoodsModel.class.php 第 711 行.
NOTIC: [2048] Declaration of Admin\Model\GoodsModel::_before_delete() should be compatible with Think\Model::_before_delete($options) D:\wamp\www\70shop\Application\Admin\Model\GoodsModel.class.php 第 711 行.
NOTIC: [8] Constant APP_DEBUG already defined D:\wamp\www\70shop\Application\Admin\Model\GoodsModel.class.php 第 4 行.
SQL: SHOW COLUMNS FROM `p70_goods` [ RunTime:0.0060s ]
SQL: SELECT `id`,`goods_name`,`mid_logo`,`promote_price` FROM `p70_goods` WHERE `is_on_sale` = '是' AND `promote_price` > 0 AND `promote_start_date` <= '2018-02-25 16:40' AND `promote_end_date` >= '2018-02-25 16:40' ORDER BY sort_num ASC LIMIT 5   [ RunTime:0.0010s ]
SQL: SELECT `id`,`goods_name`,`mid_logo`,`promote_price` FROM `p70_goods` WHERE `is_on_sale` = '是' AND `is_new` = '是' ORDER BY sort_num ASC LIMIT 5   [ RunTime:0.0000s ]
SQL: SELECT `id`,`goods_name`,`mid_logo`,`promote_price` FROM `p70_goods` WHERE `is_on_sale` = '是' AND `is_hot` = '是' ORDER BY sort_num ASC LIMIT 5   [ RunTime:0.0010s ]
SQL: SELECT `id`,`goods_name`,`mid_logo`,`promote_price` FROM `p70_goods` WHERE `is_on_sale` = '是' AND `is_best` = '是' ORDER BY sort_num ASC LIMIT 5   [ RunTime:0.0000s ]
NOTIC: [8] Undefined variable: floorData D:\wamp\www\70shop\Application\Admin\Model\CategoryModel.class.php 第 113 行.
SQL: SELECT * FROM `p70_category` WHERE `parent_id` = 0 AND `is_floor` = '是'  [ RunTime:0.0000s ]
SQL: SELECT * FROM `p70_category` WHERE `parent_id` = '4' AND `is_floor` = '否'  [ RunTime:0.0000s ]
SQL: SELECT * FROM `p70_category` WHERE `parent_id` = '4' AND `is_floor` = '是'  [ RunTime:0.0010s ]
SQL: SHOW COLUMNS FROM `p70_category` [ RunTime:0.0050s ]
SQL: SELECT * FROM `p70_category`  [ RunTime:0.0000s ]
SQL: SELECT `id` FROM `p70_goods` WHERE `cat_id` IN ('17','18','23','19','20','1')  [ RunTime:0.0010s ]
SQL: SHOW COLUMNS FROM `p70_goods_cat` [ RunTime:0.0050s ]
SQL: SELECT DISTINCT goods_id id FROM `p70_goods_cat` WHERE `cat_id` IN ('17','18','23','19','20','1')  [ RunTime:0.0010s ]
SQL: SELECT `id`,`mid_logo`,`goods_name`,`shop_price` FROM `p70_goods` WHERE `is_on_sale` = '是' AND `is_floor` = '是' AND `id` IN ('33','38','44','45','37','41','43') ORDER BY sort_num ASC LIMIT 8   [ RunTime:0.0000s ]
SQL: SELECT DISTINCT brand_id,b.brand_name,b.logo FROM p70_goods a LEFT JOIN p70_brand b ON a.brand_id=b.id  WHERE a.id IN ('33','38','44','45','37','41','43') AND a.brand_id <> 0 LIMIT 9   [ RunTime:0.0000s ]
INFO: [ view_parse ] --START--
INFO: [ template_filter ] --START--
INFO: Run Behavior\ContentReplaceBehavior [ RunTime:0.000000s ]
INFO: [ template_filter ] --END-- [ RunTime:0.000000s ]
NOTIC: [8] Undefined index: children D:\wamp\www\70shop\Application\Runtime\Cache\Home\2a94b8bda04ff446dcedd42276fc99ee.php 第 154 行.
NOTIC: [2] Invalid argument supplied for foreach() D:\wamp\www\70shop\Application\Runtime\Cache\Home\2a94b8bda04ff446dcedd42276fc99ee.php 第 154 行.
NOTIC: [8] Undefined index: children D:\wamp\www\70shop\Application\Runtime\Cache\Home\2a94b8bda04ff446dcedd42276fc99ee.php 第 150 行.
NOTIC: [2] Invalid argument supplied for foreach() D:\wamp\www\70shop\Application\Runtime\Cache\Home\2a94b8bda04ff446dcedd42276fc99ee.php 第 150 行.
NOTIC: [8] Undefined index: children D:\wamp\www\70shop\Application\Runtime\Cache\Home\2a94b8bda04ff446dcedd42276fc99ee.php 第 154 行.
NOTIC: [2] Invalid argument supplied for foreach() D:\wamp\www\70shop\Application\Runtime\Cache\Home\2a94b8bda04ff446dcedd42276fc99ee.php 第 154 行.
NOTIC: [8] Undefined index: children D:\wamp\www\70shop\Application\Runtime\Cache\Home\2a94b8bda04ff446dcedd42276fc99ee.php 第 154 行.
NOTIC: [2] Invalid argument supplied for foreach() D:\wamp\www\70shop\Application\Runtime\Cache\Home\2a94b8bda04ff446dcedd42276fc99ee.php 第 154 行.
NOTIC: [8] Undefined index: children D:\wamp\www\70shop\Application\Runtime\Cache\Home\2a94b8bda04ff446dcedd42276fc99ee.php 第 154 行.
NOTIC: [2] Invalid argument supplied for foreach() D:\wamp\www\70shop\Application\Runtime\Cache\Home\2a94b8bda04ff446dcedd42276fc99ee.php 第 154 行.
NOTIC: [8] Undefined index: children D:\wamp\www\70shop\Application\Runtime\Cache\Home\2a94b8bda04ff446dcedd42276fc99ee.php 第 150 行.
NOTIC: [2] Invalid argument supplied for foreach() D:\wamp\www\70shop\Application\Runtime\Cache\Home\2a94b8bda04ff446dcedd42276fc99ee.php 第 150 行.
NOTIC: [8] Undefined index: children D:\wamp\www\70shop\Application\Runtime\Cache\Home\2a94b8bda04ff446dcedd42276fc99ee.php 第 150 行.
NOTIC: [2] Invalid argument supplied for foreach() D:\wamp\www\70shop\Application\Runtime\Cache\Home\2a94b8bda04ff446dcedd42276fc99ee.php 第 150 行.
NOTIC: [8] Undefined index: children D:\wamp\www\70shop\Application\Runtime\Cache\Home\2a94b8bda04ff446dcedd42276fc99ee.php 第 150 行.
NOTIC: [2] Invalid argument supplied for foreach() D:\wamp\www\70shop\Application\Runtime\Cache\Home\2a94b8bda04ff446dcedd42276fc99ee.php 第 150 行.
NOTIC: [8] Undefined index: children D:\wamp\www\70shop\Application\Runtime\Cache\Home\2a94b8bda04ff446dcedd42276fc99ee.php 第 150 行.
NOTIC: [2] Invalid argument supplied for foreach() D:\wamp\www\70shop\Application\Runtime\Cache\Home\2a94b8bda04ff446dcedd42276fc99ee.php 第 150 行.
NOTIC: [8] Undefined index: children D:\wamp\www\70shop\Application\Runtime\Cache\Home\2a94b8bda04ff446dcedd42276fc99ee.php 第 150 行.
NOTIC: [2] Invalid argument supplied for foreach() D:\wamp\www\70shop\Application\Runtime\Cache\Home\2a94b8bda04ff446dcedd42276fc99ee.php 第 150 行.
NOTIC: [8] Undefined index: children D:\wamp\www\70shop\Application\Runtime\Cache\Home\2a94b8bda04ff446dcedd42276fc99ee.php 第 150 行.
NOTIC: [2] Invalid argument supplied for foreach() D:\wamp\www\70shop\Application\Runtime\Cache\Home\2a94b8bda04ff446dcedd42276fc99ee.php 第 150 行.
NOTIC: [8] Undefined index: children D:\wamp\www\70shop\Application\Runtime\Cache\Home\2a94b8bda04ff446dcedd42276fc99ee.php 第 150 行.
NOTIC: [2] Invalid argument supplied for foreach() D:\wamp\www\70shop\Application\Runtime\Cache\Home\2a94b8bda04ff446dcedd42276fc99ee.php 第 150 行.
NOTIC: [8] Undefined index: children D:\wamp\www\70shop\Application\Runtime\Cache\Home\2a94b8bda04ff446dcedd42276fc99ee.php 第 150 行.
NOTIC: [2] Invalid argument supplied for foreach() D:\wamp\www\70shop\Application\Runtime\Cache\Home\2a94b8bda04ff446dcedd42276fc99ee.php 第 150 行.
NOTIC: [8] Undefined index: children D:\wamp\www\70shop\Application\Runtime\Cache\Home\2a94b8bda04ff446dcedd42276fc99ee.php 第 150 行.
NOTIC: [2] Invalid argument supplied for foreach() D:\wamp\www\70shop\Application\Runtime\Cache\Home\2a94b8bda04ff446dcedd42276fc99ee.php 第 150 行.
NOTIC: [8] Undefined index: children D:\wamp\www\70shop\Application\Runtime\Cache\Home\2a94b8bda04ff446dcedd42276fc99ee.php 第 150 行.
NOTIC: [2] Invalid argument supplied for foreach() D:\wamp\www\70shop\Application\Runtime\Cache\Home\2a94b8bda04ff446dcedd42276fc99ee.php 第 150 行.
INFO: Run Behavior\ParseTemplateBehavior [ RunTime:0.065003s ]
INFO: [ view_parse ] --END-- [ RunTime:0.065003s ]
INFO: [ view_filter ] --START--
INFO: Run Behavior\WriteHtmlCacheBehavior [ RunTime:0.001000s ]
INFO: [ view_filter ] --END-- [ RunTime:0.001000s ]
INFO: [ app_end ] --START--
INFO: Run Behavior\ShowPageTraceBehavior [ RunTime:0.001001s ]
INFO: [ app_end ] --END-- [ RunTime:0.001001s ]

[ 2018-02-25T16:40:52+08:00 ] 127.0.0.1 /index.php/Home/Member/ajaxChkLogin.html
INFO: [ app_init ] --START--
INFO: Run Behavior\BuildLiteBehavior [ RunTime:0.000000s ]
INFO: [ app_init ] --END-- [ RunTime:0.001000s ]
INFO: [ app_begin ] --START--
INFO: Run Behavior\ReadHtmlCacheBehavior [ RunTime:0.002000s ]
INFO: [ app_begin ] --END-- [ RunTime:0.003000s ]
INFO: [ app_end ] --START--
INFO: Run Behavior\ShowPageTraceBehavior [ RunTime:0.001000s ]
INFO: [ app_end ] --END-- [ RunTime:0.001000s ]

[ 2018-02-25T16:46:01+08:00 ] 127.0.0.1 /
INFO: [ app_init ] --START--
INFO: Run Behavior\BuildLiteBehavior [ RunTime:0.000000s ]
INFO: [ app_init ] --END-- [ RunTime:0.002001s ]
INFO: [ app_begin ] --START--
INFO: Run Behavior\ReadHtmlCacheBehavior [ RunTime:0.001000s ]
INFO: [ app_begin ] --END-- [ RunTime:0.002000s ]
NOTIC: [2048] Declaration of Admin\Model\CategoryModel::_before_delete() should be compatible with Think\Model::_before_delete($options) D:\wamp\www\70shop\Application\Admin\Model\CategoryModel.class.php 第 5 行.
SQL: SHOW COLUMNS FROM `p70_category` [ RunTime:0.0050s ]
NOTIC: [8] Undefined variable: catData D:\wamp\www\70shop\Application\Admin\Model\CategoryModel.class.php 第 81 行.
SQL: SELECT * FROM `p70_category`  [ RunTime:0.0010s ]
NOTIC: [2048] Declaration of Admin\Model\GoodsModel::_after_insert() should be compatible with Think\Model::_after_insert($data, $options) D:\wamp\www\70shop\Application\Admin\Model\GoodsModel.class.php 第 711 行.
NOTIC: [2048] Declaration of Admin\Model\GoodsModel::_before_delete() should be compatible with Think\Model::_before_delete($options) D:\wamp\www\70shop\Application\Admin\Model\GoodsModel.class.php 第 711 行.
NOTIC: [8] Constant APP_DEBUG already defined D:\wamp\www\70shop\Application\Admin\Model\GoodsModel.class.php 第 4 行.
SQL: SHOW COLUMNS FROM `p70_goods` [ RunTime:0.0050s ]
SQL: SELECT `id`,`goods_name`,`mid_logo`,`promote_price` FROM `p70_goods` WHERE `is_on_sale` = '是' AND `promote_price` > 0 AND `promote_start_date` <= '2018-02-25 16:46' AND `promote_end_date` >= '2018-02-25 16:46' ORDER BY sort_num ASC LIMIT 5   [ RunTime:0.0010s ]
SQL: SELECT `id`,`goods_name`,`mid_logo`,`promote_price` FROM `p70_goods` WHERE `is_on_sale` = '是' AND `is_new` = '是' ORDER BY sort_num ASC LIMIT 5   [ RunTime:0.0000s ]
SQL: SELECT `id`,`goods_name`,`mid_logo`,`promote_price` FROM `p70_goods` WHERE `is_on_sale` = '是' AND `is_hot` = '是' ORDER BY sort_num ASC LIMIT 5   [ RunTime:0.0000s ]
SQL: SELECT `id`,`goods_name`,`mid_logo`,`promote_price` FROM `p70_goods` WHERE `is_on_sale` = '是' AND `is_best` = '是' ORDER BY sort_num ASC LIMIT 5   [ RunTime:0.0000s ]
NOTIC: [8] Undefined variable: floorData D:\wamp\www\70shop\Application\Admin\Model\CategoryModel.class.php 第 113 行.
SQL: SELECT * FROM `p70_category` WHERE `parent_id` = 0 AND `is_floor` = '是'  [ RunTime:0.0000s ]
SQL: SELECT * FROM `p70_category` WHERE `parent_id` = '4' AND `is_floor` = '否'  [ RunTime:0.0010s ]
SQL: SELECT * FROM `p70_category` WHERE `parent_id` = '4' AND `is_floor` = '是'  [ RunTime:0.0010s ]
SQL: SHOW COLUMNS FROM `p70_category` [ RunTime:0.0040s ]
SQL: SELECT * FROM `p70_category`  [ RunTime:0.0000s ]
SQL: SELECT `id` FROM `p70_goods` WHERE `cat_id` IN ('17','18','23','19','20','1')  [ RunTime:0.0000s ]
SQL: SHOW COLUMNS FROM `p70_goods_cat` [ RunTime:0.0050s ]
SQL: SELECT DISTINCT goods_id id FROM `p70_goods_cat` WHERE `cat_id` IN ('17','18','23','19','20','1')  [ RunTime:0.0000s ]
SQL: SELECT `id`,`mid_logo`,`goods_name`,`shop_price` FROM `p70_goods` WHERE `is_on_sale` = '是' AND `is_floor` = '是' AND `id` IN ('33','38','44','45','37','41','43') ORDER BY sort_num ASC LIMIT 8   [ RunTime:0.0000s ]
SQL: SELECT DISTINCT brand_id,b.brand_name,b.logo FROM p70_goods a LEFT JOIN p70_brand b ON a.brand_id=b.id  WHERE a.id IN ('33','38','44','45','37','41','43') AND a.brand_id <> 0 LIMIT 9   [ RunTime:0.0010s ]
INFO: [ view_parse ] --START--
INFO: [ template_filter ] --START--
INFO: Run Behavior\ContentReplaceBehavior [ RunTime:0.000000s ]
INFO: [ template_filter ] --END-- [ RunTime:0.000000s ]
NOTIC: [8] Undefined index: children D:\wamp\www\70shop\Application\Runtime\Cache\Home\2a94b8bda04ff446dcedd42276fc99ee.php 第 154 行.
NOTIC: [2] Invalid argument supplied for foreach() D:\wamp\www\70shop\Application\Runtime\Cache\Home\2a94b8bda04ff446dcedd42276fc99ee.php 第 154 行.
NOTIC: [8] Undefined index: children D:\wamp\www\70shop\Application\Runtime\Cache\Home\2a94b8bda04ff446dcedd42276fc99ee.php 第 150 行.
NOTIC: [2] Invalid argument supplied for foreach() D:\wamp\www\70shop\Application\Runtime\Cache\Home\2a94b8bda04ff446dcedd42276fc99ee.php 第 150 行.
NOTIC: [8] Undefined index: children D:\wamp\www\70shop\Application\Runtime\Cache\Home\2a94b8bda04ff446dcedd42276fc99ee.php 第 154 行.
NOTIC: [2] Invalid argument supplied for foreach() D:\wamp\www\70shop\Application\Runtime\Cache\Home\2a94b8bda04ff446dcedd42276fc99ee.php 第 154 行.
NOTIC: [8] Undefined index: children D:\wamp\www\70shop\Application\Runtime\Cache\Home\2a94b8bda04ff446dcedd42276fc99ee.php 第 154 行.
NOTIC: [2] Invalid argument supplied for foreach() D:\wamp\www\70shop\Application\Runtime\Cache\Home\2a94b8bda04ff446dcedd42276fc99ee.php 第 154 行.
NOTIC: [8] Undefined index: children D:\wamp\www\70shop\Application\Runtime\Cache\Home\2a94b8bda04ff446dcedd42276fc99ee.php 第 154 行.
NOTIC: [2] Invalid argument supplied for foreach() D:\wamp\www\70shop\Application\Runtime\Cache\Home\2a94b8bda04ff446dcedd42276fc99ee.php 第 154 行.
NOTIC: [8] Undefined index: children D:\wamp\www\70shop\Application\Runtime\Cache\Home\2a94b8bda04ff446dcedd42276fc99ee.php 第 150 行.
NOTIC: [2] Invalid argument supplied for foreach() D:\wamp\www\70shop\Application\Runtime\Cache\Home\2a94b8bda04ff446dcedd42276fc99ee.php 第 150 行.
NOTIC: [8] Undefined index: children D:\wamp\www\70shop\Application\Runtime\Cache\Home\2a94b8bda04ff446dcedd42276fc99ee.php 第 150 行.
NOTIC: [2] Invalid argument supplied for foreach() D:\wamp\www\70shop\Application\Runtime\Cache\Home\2a94b8bda04ff446dcedd42276fc99ee.php 第 150 行.
NOTIC: [8] Undefined index: children D:\wamp\www\70shop\Application\Runtime\Cache\Home\2a94b8bda04ff446dcedd42276fc99ee.php 第 150 行.
NOTIC: [2] Invalid argument supplied for foreach() D:\wamp\www\70shop\Application\Runtime\Cache\Home\2a94b8bda04ff446dcedd42276fc99ee.php 第 150 行.
NOTIC: [8] Undefined index: children D:\wamp\www\70shop\Application\Runtime\Cache\Home\2a94b8bda04ff446dcedd42276fc99ee.php 第 150 行.
NOTIC: [2] Invalid argument supplied for foreach() D:\wamp\www\70shop\Application\Runtime\Cache\Home\2a94b8bda04ff446dcedd42276fc99ee.php 第 150 行.
NOTIC: [8] Undefined index: children D:\wamp\www\70shop\Application\Runtime\Cache\Home\2a94b8bda04ff446dcedd42276fc99ee.php 第 150 行.
NOTIC: [2] Invalid argument supplied for foreach() D:\wamp\www\70shop\Application\Runtime\Cache\Home\2a94b8bda04ff446dcedd42276fc99ee.php 第 150 行.
NOTIC: [8] Undefined index: children D:\wamp\www\70shop\Application\Runtime\Cache\Home\2a94b8bda04ff446dcedd42276fc99ee.php 第 150 行.
NOTIC: [2] Invalid argument supplied for foreach() D:\wamp\www\70shop\Application\Runtime\Cache\Home\2a94b8bda04ff446dcedd42276fc99ee.php 第 150 行.
NOTIC: [8] Undefined index: children D:\wamp\www\70shop\Application\Runtime\Cache\Home\2a94b8bda04ff446dcedd42276fc99ee.php 第 150 行.
NOTIC: [2] Invalid argument supplied for foreach() D:\wamp\www\70shop\Application\Runtime\Cache\Home\2a94b8bda04ff446dcedd42276fc99ee.php 第 150 行.
NOTIC: [8] Undefined index: children D:\wamp\www\70shop\Application\Runtime\Cache\Home\2a94b8bda04ff446dcedd42276fc99ee.php 第 150 行.
NOTIC: [2] Invalid argument supplied for foreach() D:\wamp\www\70shop\Application\Runtime\Cache\Home\2a94b8bda04ff446dcedd42276fc99ee.php 第 150 行.
NOTIC: [8] Undefined index: children D:\wamp\www\70shop\Application\Runtime\Cache\Home\2a94b8bda04ff446dcedd42276fc99ee.php 第 150 行.
NOTIC: [2] Invalid argument supplied for foreach() D:\wamp\www\70shop\Application\Runtime\Cache\Home\2a94b8bda04ff446dcedd42276fc99ee.php 第 150 行.
NOTIC: [8] Undefined index: children D:\wamp\www\70shop\Application\Runtime\Cache\Home\2a94b8bda04ff446dcedd42276fc99ee.php 第 150 行.
NOTIC: [2] Invalid argument supplied for foreach() D:\wamp\www\70shop\Application\Runtime\Cache\Home\2a94b8bda04ff446dcedd42276fc99ee.php 第 150 行.
INFO: Run Behavior\ParseTemplateBehavior [ RunTime:0.048003s ]
INFO: [ view_parse ] --END-- [ RunTime:0.049003s ]
INFO: [ view_filter ] --START--
INFO: Run Behavior\WriteHtmlCacheBehavior [ RunTime:0.001000s ]
INFO: [ view_filter ] --END-- [ RunTime:0.001000s ]
INFO: [ app_end ] --START--
INFO: Run Behavior\ShowPageTraceBehavior [ RunTime:0.001000s ]
INFO: [ app_end ] --END-- [ RunTime:0.001000s ]

[ 2018-02-25T16:46:01+08:00 ] 127.0.0.1 /index.php/Home/Member/ajaxChkLogin.html
INFO: [ app_init ] --START--
INFO: Run Behavior\BuildLiteBehavior [ RunTime:0.000000s ]
INFO: [ app_init ] --END-- [ RunTime:0.001000s ]
INFO: [ app_begin ] --START--
INFO: Run Behavior\ReadHtmlCacheBehavior [ RunTime:0.001000s ]
INFO: [ app_begin ] --END-- [ RunTime:0.001000s ]
INFO: [ app_end ] --START--
INFO: Run Behavior\ShowPageTraceBehavior [ RunTime:0.001000s ]
INFO: [ app_end ] --END-- [ RunTime:0.001000s ]

[ 2018-02-25T16:46:02+08:00 ] 127.0.0.1 /
INFO: [ app_init ] --START--
INFO: Run Behavior\BuildLiteBehavior [ RunTime:0.000000s ]
INFO: [ app_init ] --END-- [ RunTime:0.000000s ]
INFO: [ app_begin ] --START--
INFO: Run Behavior\ReadHtmlCacheBehavior [ RunTime:0.000000s ]
INFO: [ app_begin ] --END-- [ RunTime:0.000000s ]
NOTIC: [2048] Declaration of Admin\Model\CategoryModel::_before_delete() should be compatible with Think\Model::_before_delete($options) D:\wamp\www\70shop\Application\Admin\Model\CategoryModel.class.php 第 5 行.
SQL: SHOW COLUMNS FROM `p70_category` [ RunTime:0.0040s ]
NOTIC: [8] Undefined variable: catData D:\wamp\www\70shop\Application\Admin\Model\CategoryModel.class.php 第 81 行.
SQL: SELECT * FROM `p70_category`  [ RunTime:0.0010s ]
NOTIC: [2048] Declaration of Admin\Model\GoodsModel::_after_insert() should be compatible with Think\Model::_after_insert($data, $options) D:\wamp\www\70shop\Application\Admin\Model\GoodsModel.class.php 第 711 行.
NOTIC: [2048] Declaration of Admin\Model\GoodsModel::_before_delete() should be compatible with Think\Model::_before_delete($options) D:\wamp\www\70shop\Application\Admin\Model\GoodsModel.class.php 第 711 行.
NOTIC: [8] Constant APP_DEBUG already defined D:\wamp\www\70shop\Application\Admin\Model\GoodsModel.class.php 第 4 行.
SQL: SHOW COLUMNS FROM `p70_goods` [ RunTime:0.0050s ]
SQL: SELECT `id`,`goods_name`,`mid_logo`,`promote_price` FROM `p70_goods` WHERE `is_on_sale` = '是' AND `promote_price` > 0 AND `promote_start_date` <= '2018-02-25 16:46' AND `promote_end_date` >= '2018-02-25 16:46' ORDER BY sort_num ASC LIMIT 5   [ RunTime:0.0000s ]
SQL: SELECT `id`,`goods_name`,`mid_logo`,`promote_price` FROM `p70_goods` WHERE `is_on_sale` = '是' AND `is_new` = '是' ORDER BY sort_num ASC LIMIT 5   [ RunTime:0.0000s ]
SQL: SELECT `id`,`goods_name`,`mid_logo`,`promote_price` FROM `p70_goods` WHERE `is_on_sale` = '是' AND `is_hot` = '是' ORDER BY sort_num ASC LIMIT 5   [ RunTime:0.0010s ]
SQL: SELECT `id`,`goods_name`,`mid_logo`,`promote_price` FROM `p70_goods` WHERE `is_on_sale` = '是' AND `is_best` = '是' ORDER BY sort_num ASC LIMIT 5   [ RunTime:0.0000s ]
NOTIC: [8] Undefined variable: floorData D:\wamp\www\70shop\Application\Admin\Model\CategoryModel.class.php 第 113 行.
SQL: SELECT * FROM `p70_category` WHERE `parent_id` = 0 AND `is_floor` = '是'  [ RunTime:0.0010s ]
SQL: SELECT * FROM `p70_category` WHERE `parent_id` = '4' AND `is_floor` = '否'  [ RunTime:0.0000s ]
SQL: SELECT * FROM `p70_category` WHERE `parent_id` = '4' AND `is_floor` = '是'  [ RunTime:0.0000s ]
SQL: SHOW COLUMNS FROM `p70_category` [ RunTime:0.0060s ]
SQL: SELECT * FROM `p70_category`  [ RunTime:0.0010s ]
SQL: SELECT `id` FROM `p70_goods` WHERE `cat_id` IN ('17','18','23','19','20','1')  [ RunTime:0.0010s ]
SQL: SHOW COLUMNS FROM `p70_goods_cat` [ RunTime:0.0050s ]
SQL: SELECT DISTINCT goods_id id FROM `p70_goods_cat` WHERE `cat_id` IN ('17','18','23','19','20','1')  [ RunTime:0.0010s ]
SQL: SELECT `id`,`mid_logo`,`goods_name`,`shop_price` FROM `p70_goods` WHERE `is_on_sale` = '是' AND `is_floor` = '是' AND `id` IN ('33','38','44','45','37','41','43') ORDER BY sort_num ASC LIMIT 8   [ RunTime:0.0010s ]
SQL: SELECT DISTINCT brand_id,b.brand_name,b.logo FROM p70_goods a LEFT JOIN p70_brand b ON a.brand_id=b.id  WHERE a.id IN ('33','38','44','45','37','41','43') AND a.brand_id <> 0 LIMIT 9   [ RunTime:0.0000s ]
INFO: [ view_parse ] --START--
INFO: [ template_filter ] --START--
INFO: Run Behavior\ContentReplaceBehavior [ RunTime:0.000000s ]
INFO: [ template_filter ] --END-- [ RunTime:0.001000s ]
NOTIC: [8] Undefined index: children D:\wamp\www\70shop\Application\Runtime\Cache\Home\2a94b8bda04ff446dcedd42276fc99ee.php 第 154 行.
NOTIC: [2] Invalid argument supplied for foreach() D:\wamp\www\70shop\Application\Runtime\Cache\Home\2a94b8bda04ff446dcedd42276fc99ee.php 第 154 行.
NOTIC: [8] Undefined index: children D:\wamp\www\70shop\Application\Runtime\Cache\Home\2a94b8bda04ff446dcedd42276fc99ee.php 第 150 行.
NOTIC: [2] Invalid argument supplied for foreach() D:\wamp\www\70shop\Application\Runtime\Cache\Home\2a94b8bda04ff446dcedd42276fc99ee.php 第 150 行.
NOTIC: [8] Undefined index: children D:\wamp\www\70shop\Application\Runtime\Cache\Home\2a94b8bda04ff446dcedd42276fc99ee.php 第 154 行.
NOTIC: [2] Invalid argument supplied for foreach() D:\wamp\www\70shop\Application\Runtime\Cache\Home\2a94b8bda04ff446dcedd42276fc99ee.php 第 154 行.
NOTIC: [8] Undefined index: children D:\wamp\www\70shop\Application\Runtime\Cache\Home\2a94b8bda04ff446dcedd42276fc99ee.php 第 154 行.
NOTIC: [2] Invalid argument supplied for foreach() D:\wamp\www\70shop\Application\Runtime\Cache\Home\2a94b8bda04ff446dcedd42276fc99ee.php 第 154 行.
NOTIC: [8] Undefined index: children D:\wamp\www\70shop\Application\Runtime\Cache\Home\2a94b8bda04ff446dcedd42276fc99ee.php 第 154 行.
NOTIC: [2] Invalid argument supplied for foreach() D:\wamp\www\70shop\Application\Runtime\Cache\Home\2a94b8bda04ff446dcedd42276fc99ee.php 第 154 行.
NOTIC: [8] Undefined index: children D:\wamp\www\70shop\Application\Runtime\Cache\Home\2a94b8bda04ff446dcedd42276fc99ee.php 第 150 行.
NOTIC: [2] Invalid argument supplied for foreach() D:\wamp\www\70shop\Application\Runtime\Cache\Home\2a94b8bda04ff446dcedd42276fc99ee.php 第 150 行.
NOTIC: [8] Undefined index: children D:\wamp\www\70shop\Application\Runtime\Cache\Home\2a94b8bda04ff446dcedd42276fc99ee.php 第 150 行.
NOTIC: [2] Invalid argument supplied for foreach() D:\wamp\www\70shop\Application\Runtime\Cache\Home\2a94b8bda04ff446dcedd42276fc99ee.php 第 150 行.
NOTIC: [8] Undefined index: children D:\wamp\www\70shop\Application\Runtime\Cache\Home\2a94b8bda04ff446dcedd42276fc99ee.php 第 150 行.
NOTIC: [2] Invalid argument supplied for foreach() D:\wamp\www\70shop\Application\Runtime\Cache\Home\2a94b8bda04ff446dcedd42276fc99ee.php 第 150 行.
NOTIC: [8] Undefined index: children D:\wamp\www\70shop\Application\Runtime\Cache\Home\2a94b8bda04ff446dcedd42276fc99ee.php 第 150 行.
NOTIC: [2] Invalid argument supplied for foreach() D:\wamp\www\70shop\Application\Runtime\Cache\Home\2a94b8bda04ff446dcedd42276fc99ee.php 第 150 行.
NOTIC: [8] Undefined index: children D:\wamp\www\70shop\Application\Runtime\Cache\Home\2a94b8bda04ff446dcedd42276fc99ee.php 第 150 行.
NOTIC: [2] Invalid argument supplied for foreach() D:\wamp\www\70shop\Application\Runtime\Cache\Home\2a94b8bda04ff446dcedd42276fc99ee.php 第 150 行.
NOTIC: [8] Undefined index: children D:\wamp\www\70shop\Application\Runtime\Cache\Home\2a94b8bda04ff446dcedd42276fc99ee.php 第 150 行.
NOTIC: [2] Invalid argument supplied for foreach() D:\wamp\www\70shop\Application\Runtime\Cache\Home\2a94b8bda04ff446dcedd42276fc99ee.php 第 150 行.
NOTIC: [8] Undefined index: children D:\wamp\www\70shop\Application\Runtime\Cache\Home\2a94b8bda04ff446dcedd42276fc99ee.php 第 150 行.
NOTIC: [2] Invalid argument supplied for foreach() D:\wamp\www\70shop\Application\Runtime\Cache\Home\2a94b8bda04ff446dcedd42276fc99ee.php 第 150 行.
NOTIC: [8] Undefined index: children D:\wamp\www\70shop\Application\Runtime\Cache\Home\2a94b8bda04ff446dcedd42276fc99ee.php 第 150 行.
NOTIC: [2] Invalid argument supplied for foreach() D:\wamp\www\70shop\Application\Runtime\Cache\Home\2a94b8bda04ff446dcedd42276fc99ee.php 第 150 行.
NOTIC: [8] Undefined index: children D:\wamp\www\70shop\Application\Runtime\Cache\Home\2a94b8bda04ff446dcedd42276fc99ee.php 第 150 行.
NOTIC: [2] Invalid argument supplied for foreach() D:\wamp\www\70shop\Application\Runtime\Cache\Home\2a94b8bda04ff446dcedd42276fc99ee.php 第 150 行.
NOTIC: [8] Undefined index: children D:\wamp\www\70shop\Application\Runtime\Cache\Home\2a94b8bda04ff446dcedd42276fc99ee.php 第 150 行.
NOTIC: [2] Invalid argument supplied for foreach() D:\wamp\www\70shop\Application\Runtime\Cache\Home\2a94b8bda04ff446dcedd42276fc99ee.php 第 150 行.
INFO: Run Behavior\ParseTemplateBehavior [ RunTime:0.053003s ]
INFO: [ view_parse ] --END-- [ RunTime:0.053003s ]
INFO: [ view_filter ] --START--
INFO: Run Behavior\WriteHtmlCacheBehavior [ RunTime:0.001000s ]
INFO: [ view_filter ] --END-- [ RunTime:0.001000s ]
INFO: [ app_end ] --START--
INFO: Run Behavior\ShowPageTraceBehavior [ RunTime:0.001000s ]
INFO: [ app_end ] --END-- [ RunTime:0.001000s ]

[ 2018-02-25T16:46:02+08:00 ] 127.0.0.1 /index.php/Home/Member/ajaxChkLogin.html
INFO: [ app_init ] --START--
INFO: Run Behavior\BuildLiteBehavior [ RunTime:0.001000s ]
INFO: [ app_init ] --END-- [ RunTime:0.002000s ]
INFO: [ app_begin ] --START--
INFO: Run Behavior\ReadHtmlCacheBehavior [ RunTime:0.001000s ]
INFO: [ app_begin ] --END-- [ RunTime:0.001000s ]
INFO: [ app_end ] --START--
INFO: Run Behavior\ShowPageTraceBehavior [ RunTime:0.001001s ]
INFO: [ app_end ] --END-- [ RunTime:0.001001s ]

[ 2018-02-25T16:46:57+08:00 ] 127.0.0.1 /
INFO: [ app_init ] --START--
INFO: Run Behavior\BuildLiteBehavior [ RunTime:0.000000s ]
INFO: [ app_init ] --END-- [ RunTime:0.001000s ]
INFO: [ app_begin ] --START--
INFO: Run Behavior\ReadHtmlCacheBehavior [ RunTime:0.001000s ]
INFO: [ app_begin ] --END-- [ RunTime:0.001000s ]
NOTIC: [2048] Declaration of Admin\Model\CategoryModel::_before_delete() should be compatible with Think\Model::_before_delete($options) D:\wamp\www\70shop\Application\Admin\Model\CategoryModel.class.php 第 5 行.
SQL: SHOW COLUMNS FROM `p70_category` [ RunTime:0.0050s ]
NOTIC: [8] Undefined variable: catData D:\wamp\www\70shop\Application\Admin\Model\CategoryModel.class.php 第 81 行.
SQL: SELECT * FROM `p70_category`  [ RunTime:0.0000s ]
NOTIC: [2048] Declaration of Admin\Model\GoodsModel::_after_insert() should be compatible with Think\Model::_after_insert($data, $options) D:\wamp\www\70shop\Application\Admin\Model\GoodsModel.class.php 第 711 行.
NOTIC: [2048] Declaration of Admin\Model\GoodsModel::_before_delete() should be compatible with Think\Model::_before_delete($options) D:\wamp\www\70shop\Application\Admin\Model\GoodsModel.class.php 第 711 行.
NOTIC: [8] Constant APP_DEBUG already defined D:\wamp\www\70shop\Application\Admin\Model\GoodsModel.class.php 第 4 行.
SQL: SHOW COLUMNS FROM `p70_goods` [ RunTime:0.0050s ]
SQL: SELECT `id`,`goods_name`,`mid_logo`,`promote_price` FROM `p70_goods` WHERE `is_on_sale` = '是' AND `promote_price` > 0 AND `promote_start_date` <= '2018-02-25 16:46' AND `promote_end_date` >= '2018-02-25 16:46' ORDER BY sort_num ASC LIMIT 5   [ RunTime:0.0000s ]
SQL: SELECT `id`,`goods_name`,`mid_logo`,`promote_price` FROM `p70_goods` WHERE `is_on_sale` = '是' AND `is_new` = '是' ORDER BY sort_num ASC LIMIT 5   [ RunTime:0.0000s ]
SQL: SELECT `id`,`goods_name`,`mid_logo`,`promote_price` FROM `p70_goods` WHERE `is_on_sale` = '是' AND `is_hot` = '是' ORDER BY sort_num ASC LIMIT 5   [ RunTime:0.0000s ]
SQL: SELECT `id`,`goods_name`,`mid_logo`,`promote_price` FROM `p70_goods` WHERE `is_on_sale` = '是' AND `is_best` = '是' ORDER BY sort_num ASC LIMIT 5   [ RunTime:0.0000s ]
NOTIC: [8] Undefined variable: floorData D:\wamp\www\70shop\Application\Admin\Model\CategoryModel.class.php 第 113 行.
SQL: SELECT * FROM `p70_category` WHERE `parent_id` = 0 AND `is_floor` = '是'  [ RunTime:0.0000s ]
SQL: SELECT * FROM `p70_category` WHERE `parent_id` = '4' AND `is_floor` = '否'  [ RunTime:0.0000s ]
SQL: SELECT * FROM `p70_category` WHERE `parent_id` = '4' AND `is_floor` = '是'  [ RunTime:0.0010s ]
SQL: SHOW COLUMNS FROM `p70_category` [ RunTime:0.0050s ]
SQL: SELECT * FROM `p70_category`  [ RunTime:0.0010s ]
SQL: SELECT `id` FROM `p70_goods` WHERE `cat_id` IN ('17','18','23','19','20','1')  [ RunTime:0.0000s ]
SQL: SHOW COLUMNS FROM `p70_goods_cat` [ RunTime:0.0040s ]
SQL: SELECT DISTINCT goods_id id FROM `p70_goods_cat` WHERE `cat_id` IN ('17','18','23','19','20','1')  [ RunTime:0.0010s ]
SQL: SELECT `id`,`mid_logo`,`goods_name`,`shop_price` FROM `p70_goods` WHERE `is_on_sale` = '是' AND `is_floor` = '是' AND `id` IN ('33','38','44','45','37','41','43') ORDER BY sort_num ASC LIMIT 8   [ RunTime:0.0000s ]
SQL: SELECT DISTINCT brand_id,b.brand_name,b.logo FROM p70_goods a LEFT JOIN p70_brand b ON a.brand_id=b.id  WHERE a.id IN ('33','38','44','45','37','41','43') AND a.brand_id <> 0 LIMIT 9   [ RunTime:0.0000s ]
INFO: [ view_parse ] --START--
INFO: [ template_filter ] --START--
INFO: Run Behavior\ContentReplaceBehavior [ RunTime:0.000000s ]
INFO: [ template_filter ] --END-- [ RunTime:0.000000s ]
NOTIC: [8] Undefined index: children D:\wamp\www\70shop\Application\Runtime\Cache\Home\2a94b8bda04ff446dcedd42276fc99ee.php 第 154 行.
NOTIC: [2] Invalid argument supplied for foreach() D:\wamp\www\70shop\Application\Runtime\Cache\Home\2a94b8bda04ff446dcedd42276fc99ee.php 第 154 行.
NOTIC: [8] Undefined index: children D:\wamp\www\70shop\Application\Runtime\Cache\Home\2a94b8bda04ff446dcedd42276fc99ee.php 第 150 行.
NOTIC: [2] Invalid argument supplied for foreach() D:\wamp\www\70shop\Application\Runtime\Cache\Home\2a94b8bda04ff446dcedd42276fc99ee.php 第 150 行.
NOTIC: [8] Undefined index: children D:\wamp\www\70shop\Application\Runtime\Cache\Home\2a94b8bda04ff446dcedd42276fc99ee.php 第 154 行.
NOTIC: [2] Invalid argument supplied for foreach() D:\wamp\www\70shop\Application\Runtime\Cache\Home\2a94b8bda04ff446dcedd42276fc99ee.php 第 154 行.
NOTIC: [8] Undefined index: children D:\wamp\www\70shop\Application\Runtime\Cache\Home\2a94b8bda04ff446dcedd42276fc99ee.php 第 154 行.
NOTIC: [2] Invalid argument supplied for foreach() D:\wamp\www\70shop\Application\Runtime\Cache\Home\2a94b8bda04ff446dcedd42276fc99ee.php 第 154 行.
NOTIC: [8] Undefined index: children D:\wamp\www\70shop\Application\Runtime\Cache\Home\2a94b8bda04ff446dcedd42276fc99ee.php 第 154 行.
NOTIC: [2] Invalid argument supplied for foreach() D:\wamp\www\70shop\Application\Runtime\Cache\Home\2a94b8bda04ff446dcedd42276fc99ee.php 第 154 行.
NOTIC: [8] Undefined index: children D:\wamp\www\70shop\Application\Runtime\Cache\Home\2a94b8bda04ff446dcedd42276fc99ee.php 第 150 行.
NOTIC: [2] Invalid argument supplied for foreach() D:\wamp\www\70shop\Application\Runtime\Cache\Home\2a94b8bda04ff446dcedd42276fc99ee.php 第 150 行.
NOTIC: [8] Undefined index: children D:\wamp\www\70shop\Application\Runtime\Cache\Home\2a94b8bda04ff446dcedd42276fc99ee.php 第 150 行.
NOTIC: [2] Invalid argument supplied for foreach() D:\wamp\www\70shop\Application\Runtime\Cache\Home\2a94b8bda04ff446dcedd42276fc99ee.php 第 150 行.
NOTIC: [8] Undefined index: children D:\wamp\www\70shop\Application\Runtime\Cache\Home\2a94b8bda04ff446dcedd42276fc99ee.php 第 150 行.
NOTIC: [2] Invalid argument supplied for foreach() D:\wamp\www\70shop\Application\Runtime\Cache\Home\2a94b8bda04ff446dcedd42276fc99ee.php 第 150 行.
NOTIC: [8] Undefined index: children D:\wamp\www\70shop\Application\Runtime\Cache\Home\2a94b8bda04ff446dcedd42276fc99ee.php 第 150 行.
NOTIC: [2] Invalid argument supplied for foreach() D:\wamp\www\70shop\Application\Runtime\Cache\Home\2a94b8bda04ff446dcedd42276fc99ee.php 第 150 行.
NOTIC: [8] Undefined index: children D:\wamp\www\70shop\Application\Runtime\Cache\Home\2a94b8bda04ff446dcedd42276fc99ee.php 第 150 行.
NOTIC: [2] Invalid argument supplied for foreach() D:\wamp\www\70shop\Application\Runtime\Cache\Home\2a94b8bda04ff446dcedd42276fc99ee.php 第 150 行.
NOTIC: [8] Undefined index: children D:\wamp\www\70shop\Application\Runtime\Cache\Home\2a94b8bda04ff446dcedd42276fc99ee.php 第 150 行.
NOTIC: [2] Invalid argument supplied for foreach() D:\wamp\www\70shop\Application\Runtime\Cache\Home\2a94b8bda04ff446dcedd42276fc99ee.php 第 150 行.
NOTIC: [8] Undefined index: children D:\wamp\www\70shop\Application\Runtime\Cache\Home\2a94b8bda04ff446dcedd42276fc99ee.php 第 150 行.
NOTIC: [2] Invalid argument supplied for foreach() D:\wamp\www\70shop\Application\Runtime\Cache\Home\2a94b8bda04ff446dcedd42276fc99ee.php 第 150 行.
NOTIC: [8] Undefined index: children D:\wamp\www\70shop\Application\Runtime\Cache\Home\2a94b8bda04ff446dcedd42276fc99ee.php 第 150 行.
NOTIC: [2] Invalid argument supplied for foreach() D:\wamp\www\70shop\Application\Runtime\Cache\Home\2a94b8bda04ff446dcedd42276fc99ee.php 第 150 行.
NOTIC: [8] Undefined index: children D:\wamp\www\70shop\Application\Runtime\Cache\Home\2a94b8bda04ff446dcedd42276fc99ee.php 第 150 行.
NOTIC: [2] Invalid argument supplied for foreach() D:\wamp\www\70shop\Application\Runtime\Cache\Home\2a94b8bda04ff446dcedd42276fc99ee.php 第 150 行.
NOTIC: [8] Undefined index: children D:\wamp\www\70shop\Application\Runtime\Cache\Home\2a94b8bda04ff446dcedd42276fc99ee.php 第 150 行.
NOTIC: [2] Invalid argument supplied for foreach() D:\wamp\www\70shop\Application\Runtime\Cache\Home\2a94b8bda04ff446dcedd42276fc99ee.php 第 150 行.
INFO: Run Behavior\ParseTemplateBehavior [ RunTime:0.043003s ]
INFO: [ view_parse ] --END-- [ RunTime:0.043003s ]
INFO: [ view_filter ] --START--
INFO: Run Behavior\WriteHtmlCacheBehavior [ RunTime:0.001000s ]
INFO: [ view_filter ] --END-- [ RunTime:0.001000s ]
INFO: [ app_end ] --START--
INFO: Run Behavior\ShowPageTraceBehavior [ RunTime:0.001000s ]
INFO: [ app_end ] --END-- [ RunTime:0.001000s ]

[ 2018-02-25T16:46:57+08:00 ] 127.0.0.1 /index.php/Home/Member/ajaxChkLogin.html
INFO: [ app_init ] --START--
INFO: Run Behavior\BuildLiteBehavior [ RunTime:0.000000s ]
INFO: [ app_init ] --END-- [ RunTime:0.002000s ]
INFO: [ app_begin ] --START--
INFO: Run Behavior\ReadHtmlCacheBehavior [ RunTime:0.006001s ]
INFO: [ app_begin ] --END-- [ RunTime:0.006001s ]
INFO: [ app_end ] --START--
INFO: Run Behavior\ShowPageTraceBehavior [ RunTime:0.001000s ]
INFO: [ app_end ] --END-- [ RunTime:0.002000s ]

[ 2018-02-25T16:46:58+08:00 ] 127.0.0.1 /
INFO: [ app_init ] --START--
INFO: Run Behavior\BuildLiteBehavior [ RunTime:0.000000s ]
INFO: [ app_init ] --END-- [ RunTime:0.001000s ]
INFO: [ app_begin ] --START--
INFO: Run Behavior\ReadHtmlCacheBehavior [ RunTime:0.002000s ]
INFO: [ app_begin ] --END-- [ RunTime:0.002000s ]
NOTIC: [2048] Declaration of Admin\Model\CategoryModel::_before_delete() should be compatible with Think\Model::_before_delete($options) D:\wamp\www\70shop\Application\Admin\Model\CategoryModel.class.php 第 5 行.
SQL: SHOW COLUMNS FROM `p70_category` [ RunTime:0.0050s ]
NOTIC: [8] Undefined variable: catData D:\wamp\www\70shop\Application\Admin\Model\CategoryModel.class.php 第 81 行.
SQL: SELECT * FROM `p70_category`  [ RunTime:0.0000s ]
NOTIC: [2048] Declaration of Admin\Model\GoodsModel::_after_insert() should be compatible with Think\Model::_after_insert($data, $options) D:\wamp\www\70shop\Application\Admin\Model\GoodsModel.class.php 第 711 行.
NOTIC: [2048] Declaration of Admin\Model\GoodsModel::_before_delete() should be compatible with Think\Model::_before_delete($options) D:\wamp\www\70shop\Application\Admin\Model\GoodsModel.class.php 第 711 行.
NOTIC: [8] Constant APP_DEBUG already defined D:\wamp\www\70shop\Application\Admin\Model\GoodsModel.class.php 第 4 行.
SQL: SHOW COLUMNS FROM `p70_goods` [ RunTime:0.0050s ]
SQL: SELECT `id`,`goods_name`,`mid_logo`,`promote_price` FROM `p70_goods` WHERE `is_on_sale` = '是' AND `promote_price` > 0 AND `promote_start_date` <= '2018-02-25 16:46' AND `promote_end_date` >= '2018-02-25 16:46' ORDER BY sort_num ASC LIMIT 5   [ RunTime:0.0010s ]
SQL: SELECT `id`,`goods_name`,`mid_logo`,`promote_price` FROM `p70_goods` WHERE `is_on_sale` = '是' AND `is_new` = '是' ORDER BY sort_num ASC LIMIT 5   [ RunTime:0.0000s ]
SQL: SELECT `id`,`goods_name`,`mid_logo`,`promote_price` FROM `p70_goods` WHERE `is_on_sale` = '是' AND `is_hot` = '是' ORDER BY sort_num ASC LIMIT 5   [ RunTime:0.0000s ]
SQL: SELECT `id`,`goods_name`,`mid_logo`,`promote_price` FROM `p70_goods` WHERE `is_on_sale` = '是' AND `is_best` = '是' ORDER BY sort_num ASC LIMIT 5   [ RunTime:0.0000s ]
NOTIC: [8] Undefined variable: floorData D:\wamp\www\70shop\Application\Admin\Model\CategoryModel.class.php 第 113 行.
SQL: SELECT * FROM `p70_category` WHERE `parent_id` = 0 AND `is_floor` = '是'  [ RunTime:0.0000s ]
SQL: SELECT * FROM `p70_category` WHERE `parent_id` = '4' AND `is_floor` = '否'  [ RunTime:0.0010s ]
SQL: SELECT * FROM `p70_category` WHERE `parent_id` = '4' AND `is_floor` = '是'  [ RunTime:0.0000s ]
SQL: SHOW COLUMNS FROM `p70_category` [ RunTime:0.0050s ]
SQL: SELECT * FROM `p70_category`  [ RunTime:0.0000s ]
SQL: SELECT `id` FROM `p70_goods` WHERE `cat_id` IN ('17','18','23','19','20','1')  [ RunTime:0.0000s ]
SQL: SHOW COLUMNS FROM `p70_goods_cat` [ RunTime:0.0040s ]
SQL: SELECT DISTINCT goods_id id FROM `p70_goods_cat` WHERE `cat_id` IN ('17','18','23','19','20','1')  [ RunTime:0.0000s ]
SQL: SELECT `id`,`mid_logo`,`goods_name`,`shop_price` FROM `p70_goods` WHERE `is_on_sale` = '是' AND `is_floor` = '是' AND `id` IN ('33','38','44','45','37','41','43') ORDER BY sort_num ASC LIMIT 8   [ RunTime:0.0000s ]
SQL: SELECT DISTINCT brand_id,b.brand_name,b.logo FROM p70_goods a LEFT JOIN p70_brand b ON a.brand_id=b.id  WHERE a.id IN ('33','38','44','45','37','41','43') AND a.brand_id <> 0 LIMIT 9   [ RunTime:0.0000s ]
INFO: [ view_parse ] --START--
INFO: [ template_filter ] --START--
INFO: Run Behavior\ContentReplaceBehavior [ RunTime:0.000000s ]
INFO: [ template_filter ] --END-- [ RunTime:0.000000s ]
NOTIC: [8] Undefined index: children D:\wamp\www\70shop\Application\Runtime\Cache\Home\2a94b8bda04ff446dcedd42276fc99ee.php 第 154 行.
NOTIC: [2] Invalid argument supplied for foreach() D:\wamp\www\70shop\Application\Runtime\Cache\Home\2a94b8bda04ff446dcedd42276fc99ee.php 第 154 行.
NOTIC: [8] Undefined index: children D:\wamp\www\70shop\Application\Runtime\Cache\Home\2a94b8bda04ff446dcedd42276fc99ee.php 第 150 行.
NOTIC: [2] Invalid argument supplied for foreach() D:\wamp\www\70shop\Application\Runtime\Cache\Home\2a94b8bda04ff446dcedd42276fc99ee.php 第 150 行.
NOTIC: [8] Undefined index: children D:\wamp\www\70shop\Application\Runtime\Cache\Home\2a94b8bda04ff446dcedd42276fc99ee.php 第 154 行.
NOTIC: [2] Invalid argument supplied for foreach() D:\wamp\www\70shop\Application\Runtime\Cache\Home\2a94b8bda04ff446dcedd42276fc99ee.php 第 154 行.
NOTIC: [8] Undefined index: children D:\wamp\www\70shop\Application\Runtime\Cache\Home\2a94b8bda04ff446dcedd42276fc99ee.php 第 154 行.
NOTIC: [2] Invalid argument supplied for foreach() D:\wamp\www\70shop\Application\Runtime\Cache\Home\2a94b8bda04ff446dcedd42276fc99ee.php 第 154 行.
NOTIC: [8] Undefined index: children D:\wamp\www\70shop\Application\Runtime\Cache\Home\2a94b8bda04ff446dcedd42276fc99ee.php 第 154 行.
NOTIC: [2] Invalid argument supplied for foreach() D:\wamp\www\70shop\Application\Runtime\Cache\Home\2a94b8bda04ff446dcedd42276fc99ee.php 第 154 行.
NOTIC: [8] Undefined index: children D:\wamp\www\70shop\Application\Runtime\Cache\Home\2a94b8bda04ff446dcedd42276fc99ee.php 第 150 行.
NOTIC: [2] Invalid argument supplied for foreach() D:\wamp\www\70shop\Application\Runtime\Cache\Home\2a94b8bda04ff446dcedd42276fc99ee.php 第 150 行.
NOTIC: [8] Undefined index: children D:\wamp\www\70shop\Application\Runtime\Cache\Home\2a94b8bda04ff446dcedd42276fc99ee.php 第 150 行.
NOTIC: [2] Invalid argument supplied for foreach() D:\wamp\www\70shop\Application\Runtime\Cache\Home\2a94b8bda04ff446dcedd42276fc99ee.php 第 150 行.
NOTIC: [8] Undefined index: children D:\wamp\www\70shop\Application\Runtime\Cache\Home\2a94b8bda04ff446dcedd42276fc99ee.php 第 150 行.
NOTIC: [2] Invalid argument supplied for foreach() D:\wamp\www\70shop\Application\Runtime\Cache\Home\2a94b8bda04ff446dcedd42276fc99ee.php 第 150 行.
NOTIC: [8] Undefined index: children D:\wamp\www\70shop\Application\Runtime\Cache\Home\2a94b8bda04ff446dcedd42276fc99ee.php 第 150 行.
NOTIC: [2] Invalid argument supplied for foreach() D:\wamp\www\70shop\Application\Runtime\Cache\Home\2a94b8bda04ff446dcedd42276fc99ee.php 第 150 行.
NOTIC: [8] Undefined index: children D:\wamp\www\70shop\Application\Runtime\Cache\Home\2a94b8bda04ff446dcedd42276fc99ee.php 第 150 行.
NOTIC: [2] Invalid argument supplied for foreach() D:\wamp\www\70shop\Application\Runtime\Cache\Home\2a94b8bda04ff446dcedd42276fc99ee.php 第 150 行.
NOTIC: [8] Undefined index: children D:\wamp\www\70shop\Application\Runtime\Cache\Home\2a94b8bda04ff446dcedd42276fc99ee.php 第 150 行.
NOTIC: [2] Invalid argument supplied for foreach() D:\wamp\www\70shop\Application\Runtime\Cache\Home\2a94b8bda04ff446dcedd42276fc99ee.php 第 150 行.
NOTIC: [8] Undefined index: children D:\wamp\www\70shop\Application\Runtime\Cache\Home\2a94b8bda04ff446dcedd42276fc99ee.php 第 150 行.
NOTIC: [2] Invalid argument supplied for foreach() D:\wamp\www\70shop\Application\Runtime\Cache\Home\2a94b8bda04ff446dcedd42276fc99ee.php 第 150 行.
NOTIC: [8] Undefined index: children D:\wamp\www\70shop\Application\Runtime\Cache\Home\2a94b8bda04ff446dcedd42276fc99ee.php 第 150 行.
NOTIC: [2] Invalid argument supplied for foreach() D:\wamp\www\70shop\Application\Runtime\Cache\Home\2a94b8bda04ff446dcedd42276fc99ee.php 第 150 行.
NOTIC: [8] Undefined index: children D:\wamp\www\70shop\Application\Runtime\Cache\Home\2a94b8bda04ff446dcedd42276fc99ee.php 第 150 行.
NOTIC: [2] Invalid argument supplied for foreach() D:\wamp\www\70shop\Application\Runtime\Cache\Home\2a94b8bda04ff446dcedd42276fc99ee.php 第 150 行.
NOTIC: [8] Undefined index: children D:\wamp\www\70shop\Application\Runtime\Cache\Home\2a94b8bda04ff446dcedd42276fc99ee.php 第 150 行.
NOTIC: [2] Invalid argument supplied for foreach() D:\wamp\www\70shop\Application\Runtime\Cache\Home\2a94b8bda04ff446dcedd42276fc99ee.php 第 150 行.
INFO: Run Behavior\ParseTemplateBehavior [ RunTime:0.044002s ]
INFO: [ view_parse ] --END-- [ RunTime:0.044002s ]
INFO: [ view_filter ] --START--
INFO: Run Behavior\WriteHtmlCacheBehavior [ RunTime:0.000000s ]
INFO: [ view_filter ] --END-- [ RunTime:0.000000s ]
INFO: [ app_end ] --START--
INFO: Run Behavior\ShowPageTraceBehavior [ RunTime:0.001000s ]
INFO: [ app_end ] --END-- [ RunTime:0.001000s ]

[ 2018-02-25T16:46:58+08:00 ] 127.0.0.1 /index.php/Home/Member/ajaxChkLogin.html
INFO: [ app_init ] --START--
INFO: Run Behavior\BuildLiteBehavior [ RunTime:0.000000s ]
INFO: [ app_init ] --END-- [ RunTime:0.001000s ]
INFO: [ app_begin ] --START--
INFO: Run Behavior\ReadHtmlCacheBehavior [ RunTime:0.001000s ]
INFO: [ app_begin ] --END-- [ RunTime:0.001000s ]
INFO: [ app_end ] --START--
INFO: Run Behavior\ShowPageTraceBehavior [ RunTime:0.002000s ]
INFO: [ app_end ] --END-- [ RunTime:0.002000s ]

[ 2018-02-25T16:47:07+08:00 ] 127.0.0.1 /index.php/Home/Index/index.html
INFO: [ app_init ] --START--
INFO: Run Behavior\BuildLiteBehavior [ RunTime:0.001001s ]
INFO: [ app_init ] --END-- [ RunTime:0.001001s ]
INFO: [ app_begin ] --START--
INFO: Run Behavior\ReadHtmlCacheBehavior [ RunTime:0.001000s ]
INFO: [ app_begin ] --END-- [ RunTime:0.001000s ]
NOTIC: [2048] Declaration of Admin\Model\CategoryModel::_before_delete() should be compatible with Think\Model::_before_delete($options) D:\wamp\www\70shop\Application\Admin\Model\CategoryModel.class.php 第 5 行.
SQL: SHOW COLUMNS FROM `p70_category` [ RunTime:0.0070s ]
NOTIC: [8] Undefined variable: catData D:\wamp\www\70shop\Application\Admin\Model\CategoryModel.class.php 第 81 行.
SQL: SELECT * FROM `p70_category`  [ RunTime:0.0010s ]
NOTIC: [2048] Declaration of Admin\Model\GoodsModel::_after_insert() should be compatible with Think\Model::_after_insert($data, $options) D:\wamp\www\70shop\Application\Admin\Model\GoodsModel.class.php 第 711 行.
NOTIC: [2048] Declaration of Admin\Model\GoodsModel::_before_delete() should be compatible with Think\Model::_before_delete($options) D:\wamp\www\70shop\Application\Admin\Model\GoodsModel.class.php 第 711 行.
NOTIC: [8] Constant APP_DEBUG already defined D:\wamp\www\70shop\Application\Admin\Model\GoodsModel.class.php 第 4 行.
SQL: SHOW COLUMNS FROM `p70_goods` [ RunTime:0.0050s ]
SQL: SELECT `id`,`goods_name`,`mid_logo`,`promote_price` FROM `p70_goods` WHERE `is_on_sale` = '是' AND `promote_price` > 0 AND `promote_start_date` <= '2018-02-25 16:47' AND `promote_end_date` >= '2018-02-25 16:47' ORDER BY sort_num ASC LIMIT 5   [ RunTime:0.0010s ]
SQL: SELECT `id`,`goods_name`,`mid_logo`,`promote_price` FROM `p70_goods` WHERE `is_on_sale` = '是' AND `is_new` = '是' ORDER BY sort_num ASC LIMIT 5   [ RunTime:0.0000s ]
SQL: SELECT `id`,`goods_name`,`mid_logo`,`promote_price` FROM `p70_goods` WHERE `is_on_sale` = '是' AND `is_hot` = '是' ORDER BY sort_num ASC LIMIT 5   [ RunTime:0.0010s ]
SQL: SELECT `id`,`goods_name`,`mid_logo`,`promote_price` FROM `p70_goods` WHERE `is_on_sale` = '是' AND `is_best` = '是' ORDER BY sort_num ASC LIMIT 5   [ RunTime:0.0010s ]
NOTIC: [8] Undefined variable: floorData D:\wamp\www\70shop\Application\Admin\Model\CategoryModel.class.php 第 113 行.
SQL: SELECT * FROM `p70_category` WHERE `parent_id` = 0 AND `is_floor` = '是'  [ RunTime:0.0010s ]
SQL: SELECT * FROM `p70_category` WHERE `parent_id` = '4' AND `is_floor` = '否'  [ RunTime:0.0010s ]
SQL: SELECT * FROM `p70_category` WHERE `parent_id` = '4' AND `is_floor` = '是'  [ RunTime:0.0000s ]
SQL: SHOW COLUMNS FROM `p70_category` [ RunTime:0.0050s ]
SQL: SELECT * FROM `p70_category`  [ RunTime:0.0020s ]
SQL: SELECT `id` FROM `p70_goods` WHERE `cat_id` IN ('17','18','23','19','20','1')  [ RunTime:0.0010s ]
SQL: SHOW COLUMNS FROM `p70_goods_cat` [ RunTime:0.0040s ]
SQL: SELECT DISTINCT goods_id id FROM `p70_goods_cat` WHERE `cat_id` IN ('17','18','23','19','20','1')  [ RunTime:0.0000s ]
SQL: SELECT `id`,`mid_logo`,`goods_name`,`shop_price` FROM `p70_goods` WHERE `is_on_sale` = '是' AND `is_floor` = '是' AND `id` IN ('33','38','44','45','37','41','43') ORDER BY sort_num ASC LIMIT 8   [ RunTime:0.0000s ]
SQL: SELECT DISTINCT brand_id,b.brand_name,b.logo FROM p70_goods a LEFT JOIN p70_brand b ON a.brand_id=b.id  WHERE a.id IN ('33','38','44','45','37','41','43') AND a.brand_id <> 0 LIMIT 9   [ RunTime:0.0000s ]
INFO: [ view_parse ] --START--
INFO: [ template_filter ] --START--
INFO: Run Behavior\ContentReplaceBehavior [ RunTime:0.001000s ]
INFO: [ template_filter ] --END-- [ RunTime:0.001000s ]
NOTIC: [8] Undefined index: children D:\wamp\www\70shop\Application\Runtime\Cache\Home\2a94b8bda04ff446dcedd42276fc99ee.php 第 154 行.
NOTIC: [2] Invalid argument supplied for foreach() D:\wamp\www\70shop\Application\Runtime\Cache\Home\2a94b8bda04ff446dcedd42276fc99ee.php 第 154 行.
NOTIC: [8] Undefined index: children D:\wamp\www\70shop\Application\Runtime\Cache\Home\2a94b8bda04ff446dcedd42276fc99ee.php 第 150 行.
NOTIC: [2] Invalid argument supplied for foreach() D:\wamp\www\70shop\Application\Runtime\Cache\Home\2a94b8bda04ff446dcedd42276fc99ee.php 第 150 行.
NOTIC: [8] Undefined index: children D:\wamp\www\70shop\Application\Runtime\Cache\Home\2a94b8bda04ff446dcedd42276fc99ee.php 第 154 行.
NOTIC: [2] Invalid argument supplied for foreach() D:\wamp\www\70shop\Application\Runtime\Cache\Home\2a94b8bda04ff446dcedd42276fc99ee.php 第 154 行.
NOTIC: [8] Undefined index: children D:\wamp\www\70shop\Application\Runtime\Cache\Home\2a94b8bda04ff446dcedd42276fc99ee.php 第 154 行.
NOTIC: [2] Invalid argument supplied for foreach() D:\wamp\www\70shop\Application\Runtime\Cache\Home\2a94b8bda04ff446dcedd42276fc99ee.php 第 154 行.
NOTIC: [8] Undefined index: children D:\wamp\www\70shop\Application\Runtime\Cache\Home\2a94b8bda04ff446dcedd42276fc99ee.php 第 154 行.
NOTIC: [2] Invalid argument supplied for foreach() D:\wamp\www\70shop\Application\Runtime\Cache\Home\2a94b8bda04ff446dcedd42276fc99ee.php 第 154 行.
NOTIC: [8] Undefined index: children D:\wamp\www\70shop\Application\Runtime\Cache\Home\2a94b8bda04ff446dcedd42276fc99ee.php 第 150 行.
NOTIC: [2] Invalid argument supplied for foreach() D:\wamp\www\70shop\Application\Runtime\Cache\Home\2a94b8bda04ff446dcedd42276fc99ee.php 第 150 行.
NOTIC: [8] Undefined index: children D:\wamp\www\70shop\Application\Runtime\Cache\Home\2a94b8bda04ff446dcedd42276fc99ee.php 第 150 行.
NOTIC: [2] Invalid argument supplied for foreach() D:\wamp\www\70shop\Application\Runtime\Cache\Home\2a94b8bda04ff446dcedd42276fc99ee.php 第 150 行.
NOTIC: [8] Undefined index: children D:\wamp\www\70shop\Application\Runtime\Cache\Home\2a94b8bda04ff446dcedd42276fc99ee.php 第 150 行.
NOTIC: [2] Invalid argument supplied for foreach() D:\wamp\www\70shop\Application\Runtime\Cache\Home\2a94b8bda04ff446dcedd42276fc99ee.php 第 150 行.
NOTIC: [8] Undefined index: children D:\wamp\www\70shop\Application\Runtime\Cache\Home\2a94b8bda04ff446dcedd42276fc99ee.php 第 150 行.
NOTIC: [2] Invalid argument supplied for foreach() D:\wamp\www\70shop\Application\Runtime\Cache\Home\2a94b8bda04ff446dcedd42276fc99ee.php 第 150 行.
NOTIC: [8] Undefined index: children D:\wamp\www\70shop\Application\Runtime\Cache\Home\2a94b8bda04ff446dcedd42276fc99ee.php 第 150 行.
NOTIC: [2] Invalid argument supplied for foreach() D:\wamp\www\70shop\Application\Runtime\Cache\Home\2a94b8bda04ff446dcedd42276fc99ee.php 第 150 行.
NOTIC: [8] Undefined index: children D:\wamp\www\70shop\Application\Runtime\Cache\Home\2a94b8bda04ff446dcedd42276fc99ee.php 第 150 行.
NOTIC: [2] Invalid argument supplied for foreach() D:\wamp\www\70shop\Application\Runtime\Cache\Home\2a94b8bda04ff446dcedd42276fc99ee.php 第 150 行.
NOTIC: [8] Undefined index: children D:\wamp\www\70shop\Application\Runtime\Cache\Home\2a94b8bda04ff446dcedd42276fc99ee.php 第 150 行.
NOTIC: [2] Invalid argument supplied for foreach() D:\wamp\www\70shop\Application\Runtime\Cache\Home\2a94b8bda04ff446dcedd42276fc99ee.php 第 150 行.
NOTIC: [8] Undefined index: children D:\wamp\www\70shop\Application\Runtime\Cache\Home\2a94b8bda04ff446dcedd42276fc99ee.php 第 150 行.
NOTIC: [2] Invalid argument supplied for foreach() D:\wamp\www\70shop\Application\Runtime\Cache\Home\2a94b8bda04ff446dcedd42276fc99ee.php 第 150 行.
NOTIC: [8] Undefined index: children D:\wamp\www\70shop\Application\Runtime\Cache\Home\2a94b8bda04ff446dcedd42276fc99ee.php 第 150 行.
NOTIC: [2] Invalid argument supplied for foreach() D:\wamp\www\70shop\Application\Runtime\Cache\Home\2a94b8bda04ff446dcedd42276fc99ee.php 第 150 行.
NOTIC: [8] Undefined index: children D:\wamp\www\70shop\Application\Runtime\Cache\Home\2a94b8bda04ff446dcedd42276fc99ee.php 第 150 行.
NOTIC: [2] Invalid argument supplied for foreach() D:\wamp\www\70shop\Application\Runtime\Cache\Home\2a94b8bda04ff446dcedd42276fc99ee.php 第 150 行.
INFO: Run Behavior\ParseTemplateBehavior [ RunTime:0.072004s ]
INFO: [ view_parse ] --END-- [ RunTime:0.072004s ]
INFO: [ view_filter ] --START--
INFO: Run Behavior\WriteHtmlCacheBehavior [ RunTime:0.001000s ]
INFO: [ view_filter ] --END-- [ RunTime:0.001000s ]
INFO: [ app_end ] --START--
INFO: Run Behavior\ShowPageTraceBehavior [ RunTime:0.003000s ]
INFO: [ app_end ] --END-- [ RunTime:0.003000s ]

[ 2018-02-25T16:47:08+08:00 ] 127.0.0.1 /index.php/Home/Member/ajaxChkLogin.html
INFO: [ app_init ] --START--
INFO: Run Behavior\BuildLiteBehavior [ RunTime:0.000000s ]
INFO: [ app_init ] --END-- [ RunTime:0.001000s ]
INFO: [ app_begin ] --START--
INFO: Run Behavior\ReadHtmlCacheBehavior [ RunTime:0.002001s ]
INFO: [ app_begin ] --END-- [ RunTime:0.002001s ]
INFO: [ app_end ] --START--
INFO: Run Behavior\ShowPageTraceBehavior [ RunTime:0.001000s ]
INFO: [ app_end ] --END-- [ RunTime:0.001000s ]

[ 2018-02-25T16:47:10+08:00 ] 127.0.0.1 /index.php/Home/Member/ajaxChkLogin.html
INFO: [ app_init ] --START--
INFO: Run Behavior\BuildLiteBehavior [ RunTime:0.000000s ]
INFO: [ app_init ] --END-- [ RunTime:0.002000s ]
INFO: [ app_begin ] --START--
INFO: Run Behavior\ReadHtmlCacheBehavior [ RunTime:0.002000s ]
INFO: [ app_begin ] --END-- [ RunTime:0.002000s ]
INFO: [ app_end ] --START--
INFO: Run Behavior\ShowPageTraceBehavior [ RunTime:0.002000s ]
INFO: [ app_end ] --END-- [ RunTime:0.002000s ]

[ 2018-02-25T16:47:11+08:00 ] 127.0.0.1 /index.php/Home/Cart/ajaxCartList.html
INFO: [ app_init ] --START--
INFO: Run Behavior\BuildLiteBehavior [ RunTime:0.001000s ]
INFO: [ app_init ] --END-- [ RunTime:0.001000s ]
INFO: [ app_begin ] --START--
INFO: Run Behavior\ReadHtmlCacheBehavior [ RunTime:0.001000s ]
INFO: [ app_begin ] --END-- [ RunTime:0.001000s ]
NOTIC: [2048] Declaration of Home\Model\CartModel::add() should be compatible with Think\Model::add($data = '', $options = Array, $replace = false) D:\wamp\www\70shop\Application\Home\Model\CartModel.class.php 第 4 行.
SQL: SHOW COLUMNS FROM `p70_cart` [ RunTime:0.0100s ]
NOTIC: [2048] Declaration of Admin\Model\GoodsModel::_after_insert() should be compatible with Think\Model::_after_insert($data, $options) D:\wamp\www\70shop\Application\Admin\Model\GoodsModel.class.php 第 711 行.
NOTIC: [2048] Declaration of Admin\Model\GoodsModel::_before_delete() should be compatible with Think\Model::_before_delete($options) D:\wamp\www\70shop\Application\Admin\Model\GoodsModel.class.php 第 711 行.
NOTIC: [8] Constant APP_DEBUG already defined D:\wamp\www\70shop\Application\Admin\Model\GoodsModel.class.php 第 4 行.
SQL: SHOW COLUMNS FROM `p70_goods` [ RunTime:0.0060s ]
SQL: SHOW COLUMNS FROM `p70_goods_attr` [ RunTime:0.0100s ]
INFO: [ app_end ] --START--
INFO: Run Behavior\ShowPageTraceBehavior [ RunTime:0.001000s ]
INFO: [ app_end ] --END-- [ RunTime:0.001000s ]

[ 2018-02-25T16:47:12+08:00 ] 127.0.0.1 /index.php/Home/Member/login.html
INFO: [ app_init ] --START--
INFO: Run Behavior\BuildLiteBehavior [ RunTime:0.000000s ]
INFO: [ app_init ] --END-- [ RunTime:0.001000s ]
INFO: [ app_begin ] --START--
INFO: Run Behavior\ReadHtmlCacheBehavior [ RunTime:0.001000s ]
INFO: [ app_begin ] --END-- [ RunTime:0.002000s ]
INFO: [ view_parse ] --START--
INFO: [ template_filter ] --START--
INFO: Run Behavior\ContentReplaceBehavior [ RunTime:0.000000s ]
INFO: [ template_filter ] --END-- [ RunTime:0.001000s ]
INFO: Run Behavior\ParseTemplateBehavior [ RunTime:0.014000s ]
INFO: [ view_parse ] --END-- [ RunTime:0.014000s ]
INFO: [ view_filter ] --START--
INFO: Run Behavior\WriteHtmlCacheBehavior [ RunTime:0.001000s ]
INFO: [ view_filter ] --END-- [ RunTime:0.001000s ]
INFO: [ app_end ] --START--
INFO: Run Behavior\ShowPageTraceBehavior [ RunTime:0.000000s ]
INFO: [ app_end ] --END-- [ RunTime:0.001000s ]

[ 2018-02-25T16:47:12+08:00 ] 127.0.0.1 /index.php/Home/Member/chkcode.html
INFO: [ app_init ] --START--
INFO: Run Behavior\BuildLiteBehavior [ RunTime:0.000000s ]
INFO: [ app_init ] --END-- [ RunTime:0.002000s ]
INFO: [ app_begin ] --START--
INFO: Run Behavior\ReadHtmlCacheBehavior [ RunTime:0.002000s ]
INFO: [ app_begin ] --END-- [ RunTime:0.002000s ]
INFO: [ app_end ] --START--
INFO: Run Behavior\ShowPageTraceBehavior [ RunTime:0.002000s ]
INFO: [ app_end ] --END-- [ RunTime:0.002000s ]

[ 2018-02-25T16:47:12+08:00 ] 127.0.0.1 /index.php/Home/Member/ajaxChkLogin.html
INFO: [ app_init ] --START--
INFO: Run Behavior\BuildLiteBehavior [ RunTime:0.000000s ]
INFO: [ app_init ] --END-- [ RunTime:0.001000s ]
INFO: [ app_begin ] --START--
INFO: Run Behavior\ReadHtmlCacheBehavior [ RunTime:0.002000s ]
INFO: [ app_begin ] --END-- [ RunTime:0.002000s ]
INFO: [ app_end ] --START--
INFO: Run Behavior\ShowPageTraceBehavior [ RunTime:0.001000s ]
INFO: [ app_end ] --END-- [ RunTime:0.002001s ]

[ 2018-02-25T16:47:13+08:00 ] 127.0.0.1 /index.php/Home/Member/ajaxChkLogin.html
INFO: [ app_init ] --START--
INFO: Run Behavior\BuildLiteBehavior [ RunTime:0.000000s ]
INFO: [ app_init ] --END-- [ RunTime:0.001000s ]
INFO: [ app_begin ] --START--
INFO: Run Behavior\ReadHtmlCacheBehavior [ RunTime:0.001000s ]
INFO: [ app_begin ] --END-- [ RunTime:0.002000s ]
INFO: [ app_end ] --START--
INFO: Run Behavior\ShowPageTraceBehavior [ RunTime:0.001001s ]
INFO: [ app_end ] --END-- [ RunTime:0.001001s ]

