[ 2018-02-20T23:27:21+08:00 ] 127.0.0.1 /index.php/Admin/Index/index
INFO: [ app_init ] --START--
INFO: Run Behavior\BuildLiteBehavior [ RunTime:0.000000s ]
INFO: [ app_init ] --END-- [ RunTime:0.001000s ]
INFO: [ app_begin ] --START--
INFO: Run Behavior\ReadHtmlCacheBehavior [ RunTime:0.001000s ]
INFO: [ app_begin ] --END-- [ RunTime:0.002000s ]
INFO: [ view_parse ] --START--
INFO: [ template_filter ] --START--
INFO: Run Behavior\ContentReplaceBehavior [ RunTime:0.000000s ]
INFO: [ template_filter ] --END-- [ RunTime:0.000000s ]
INFO: Run Behavior\ParseTemplateBehavior [ RunTime:0.021002s ]
INFO: [ view_parse ] --END-- [ RunTime:0.021002s ]
INFO: [ view_filter ] --START--
INFO: Run Behavior\WriteHtmlCacheBehavior [ RunTime:0.001000s ]
INFO: [ view_filter ] --END-- [ RunTime:0.001000s ]

[ 2018-02-20T23:27:25+08:00 ] 127.0.0.1 /index.php/Admin/Login/login.html
INFO: [ app_init ] --START--
INFO: Run Behavior\BuildLiteBehavior [ RunTime:0.000000s ]
INFO: [ app_init ] --END-- [ RunTime:0.000000s ]
INFO: [ app_begin ] --START--
INFO: Run Behavior\ReadHtmlCacheBehavior [ RunTime:0.001000s ]
INFO: [ app_begin ] --END-- [ RunTime:0.001000s ]
INFO: [ view_parse ] --START--
INFO: [ template_filter ] --START--
INFO: Run Behavior\ContentReplaceBehavior [ RunTime:0.000000s ]
INFO: [ template_filter ] --END-- [ RunTime:0.000000s ]
INFO: Run Behavior\ParseTemplateBehavior [ RunTime:0.010001s ]
INFO: [ view_parse ] --END-- [ RunTime:0.010001s ]
INFO: [ view_filter ] --START--
INFO: Run Behavior\WriteHtmlCacheBehavior [ RunTime:0.001000s ]
INFO: [ view_filter ] --END-- [ RunTime:0.001000s ]
INFO: [ app_end ] --START--
INFO: Run Behavior\ShowPageTraceBehavior [ RunTime:0.021001s ]
INFO: [ app_end ] --END-- [ RunTime:0.021001s ]

[ 2018-02-20T23:27:25+08:00 ] 127.0.0.1 /index.php/Admin/Login/chkcode.html
INFO: [ app_init ] --START--
INFO: Run Behavior\BuildLiteBehavior [ RunTime:0.000000s ]
INFO: [ app_init ] --END-- [ RunTime:0.001000s ]
INFO: [ app_begin ] --START--
INFO: Run Behavior\ReadHtmlCacheBehavior [ RunTime:0.001000s ]
INFO: [ app_begin ] --END-- [ RunTime:0.001000s ]
INFO: [ app_end ] --START--
INFO: Run Behavior\ShowPageTraceBehavior [ RunTime:0.003000s ]
INFO: [ app_end ] --END-- [ RunTime:0.003000s ]

[ 2018-02-20T23:27:31+08:00 ] 127.0.0.1 /index.php/Admin/Login/login.html
INFO: [ app_init ] --START--
INFO: Run Behavior\BuildLiteBehavior [ RunTime:0.000000s ]
INFO: [ app_init ] --END-- [ RunTime:0.001001s ]
INFO: [ app_begin ] --START--
INFO: Run Behavior\ReadHtmlCacheBehavior [ RunTime:0.002000s ]
INFO: [ app_begin ] --END-- [ RunTime:0.002000s ]
NOTIC: [2048] Declaration of Admin\Model\AdminModel::_after_insert() should be compatible with Think\Model::_after_insert($data, $options) D:\wamp\www\70shop\Application\Admin\Model\AdminModel.class.php 第 5 行.
SQL: SHOW COLUMNS FROM `p70_admin` [ RunTime:0.0100s ]
NOTIC: [8] Undefined index: auto D:\wamp\www\70shop\ThinkPHP\Library\Think\Model.class.php 第 1128 行.
SQL: SELECT * FROM `p70_admin` WHERE `user_name` = 'root' LIMIT 1   [ RunTime:0.0010s ]
INFO: [ view_parse ] --START--
INFO: [ template_filter ] --START--
INFO: Run Behavior\ContentReplaceBehavior [ RunTime:0.000000s ]
INFO: [ template_filter ] --END-- [ RunTime:0.001000s ]
INFO: Run Behavior\ParseTemplateBehavior [ RunTime:0.009001s ]
INFO: [ view_parse ] --END-- [ RunTime:0.010001s ]
INFO: [ view_filter ] --START--
INFO: Run Behavior\WriteHtmlCacheBehavior [ RunTime:0.001000s ]
INFO: [ view_filter ] --END-- [ RunTime:0.001000s ]

[ 2018-02-20T23:27:32+08:00 ] 127.0.0.1 /index.php/Admin/Index/index.html
INFO: [ app_init ] --START--
INFO: Run Behavior\BuildLiteBehavior [ RunTime:0.000000s ]
INFO: [ app_init ] --END-- [ RunTime:0.001000s ]
INFO: [ app_begin ] --START--
INFO: Run Behavior\ReadHtmlCacheBehavior [ RunTime:0.000000s ]
INFO: [ app_begin ] --END-- [ RunTime:0.001000s ]
INFO: [ view_parse ] --START--
INFO: [ template_filter ] --START--
INFO: Run Behavior\ContentReplaceBehavior [ RunTime:0.000000s ]
INFO: [ template_filter ] --END-- [ RunTime:0.000000s ]
INFO: Run Behavior\ParseTemplateBehavior [ RunTime:0.009001s ]
INFO: [ view_parse ] --END-- [ RunTime:0.009001s ]
INFO: [ view_filter ] --START--
INFO: Run Behavior\WriteHtmlCacheBehavior [ RunTime:0.000000s ]
INFO: [ view_filter ] --END-- [ RunTime:0.000000s ]
INFO: [ app_end ] --START--
INFO: Run Behavior\ShowPageTraceBehavior [ RunTime:0.000000s ]
INFO: [ app_end ] --END-- [ RunTime:0.001000s ]

[ 2018-02-20T23:27:32+08:00 ] 127.0.0.1 /index.php/Admin/Index/top.html
INFO: [ app_init ] --START--
INFO: Run Behavior\BuildLiteBehavior [ RunTime:0.000000s ]
INFO: [ app_init ] --END-- [ RunTime:0.001000s ]
INFO: [ app_begin ] --START--
INFO: Run Behavior\ReadHtmlCacheBehavior [ RunTime:0.002000s ]
INFO: [ app_begin ] --END-- [ RunTime:0.002000s ]
INFO: [ view_parse ] --START--
INFO: [ template_filter ] --START--
INFO: Run Behavior\ContentReplaceBehavior [ RunTime:0.000000s ]
INFO: [ template_filter ] --END-- [ RunTime:0.001000s ]
INFO: Run Behavior\ParseTemplateBehavior [ RunTime:0.021001s ]
INFO: [ view_parse ] --END-- [ RunTime:0.022001s ]
INFO: [ view_filter ] --START--
INFO: Run Behavior\WriteHtmlCacheBehavior [ RunTime:0.000000s ]
INFO: [ view_filter ] --END-- [ RunTime:0.001000s ]
INFO: [ app_end ] --START--
INFO: Run Behavior\ShowPageTraceBehavior [ RunTime:0.001001s ]
INFO: [ app_end ] --END-- [ RunTime:0.001001s ]

[ 2018-02-20T23:27:32+08:00 ] 127.0.0.1 /index.php/Admin/Index/menu.html
INFO: [ app_init ] --START--
INFO: Run Behavior\BuildLiteBehavior [ RunTime:0.000000s ]
INFO: [ app_init ] --END-- [ RunTime:0.003001s ]
INFO: [ app_begin ] --START--
INFO: Run Behavior\ReadHtmlCacheBehavior [ RunTime:0.002000s ]
INFO: [ app_begin ] --END-- [ RunTime:0.002000s ]
INFO: [ view_parse ] --START--
INFO: [ template_filter ] --START--
INFO: Run Behavior\ContentReplaceBehavior [ RunTime:0.000000s ]
INFO: [ template_filter ] --END-- [ RunTime:0.000000s ]
SQL: SHOW COLUMNS FROM `p70_privilege` [ RunTime:0.0080s ]
SQL: SELECT * FROM `p70_privilege`  [ RunTime:0.0010s ]
INFO: Run Behavior\ParseTemplateBehavior [ RunTime:0.043002s ]
INFO: [ view_parse ] --END-- [ RunTime:0.043002s ]
INFO: [ view_filter ] --START--
INFO: Run Behavior\WriteHtmlCacheBehavior [ RunTime:0.002000s ]
INFO: [ view_filter ] --END-- [ RunTime:0.002000s ]
INFO: [ app_end ] --START--
INFO: Run Behavior\ShowPageTraceBehavior [ RunTime:0.002001s ]
INFO: [ app_end ] --END-- [ RunTime:0.002001s ]

[ 2018-02-20T23:27:32+08:00 ] 127.0.0.1 /index.php/Admin/Index/main.html
INFO: [ app_init ] --START--
INFO: Run Behavior\BuildLiteBehavior [ RunTime:0.000000s ]
INFO: [ app_init ] --END-- [ RunTime:0.001000s ]
INFO: [ app_begin ] --START--
INFO: Run Behavior\ReadHtmlCacheBehavior [ RunTime:0.002000s ]
INFO: [ app_begin ] --END-- [ RunTime:0.003000s ]
INFO: [ view_parse ] --START--
INFO: [ template_filter ] --START--
INFO: Run Behavior\ContentReplaceBehavior [ RunTime:0.000000s ]
INFO: [ template_filter ] --END-- [ RunTime:0.000000s ]
INFO: Run Behavior\ParseTemplateBehavior [ RunTime:0.045003s ]
INFO: [ view_parse ] --END-- [ RunTime:0.045003s ]
INFO: [ view_filter ] --START--
INFO: Run Behavior\WriteHtmlCacheBehavior [ RunTime:0.005000s ]
INFO: [ view_filter ] --END-- [ RunTime:0.006000s ]
INFO: [ app_end ] --START--
INFO: Run Behavior\ShowPageTraceBehavior [ RunTime:0.002000s ]
INFO: [ app_end ] --END-- [ RunTime:0.002000s ]

[ 2018-02-20T23:27:33+08:00 ] 127.0.0.1 /index.php/Admin/Goods/lst.html
INFO: [ app_init ] --START--
INFO: Run Behavior\BuildLiteBehavior [ RunTime:0.000000s ]
INFO: [ app_init ] --END-- [ RunTime:0.001000s ]
INFO: [ app_begin ] --START--
INFO: Run Behavior\ReadHtmlCacheBehavior [ RunTime:0.000000s ]
INFO: [ app_begin ] --END-- [ RunTime:0.001000s ]
SQL: SHOW COLUMNS FROM `p70_privilege` [ RunTime:0.0030s ]
NOTIC: [2048] Declaration of Admin\Model\GoodsModel::_after_insert() should be compatible with Think\Model::_after_insert($data, $options) D:\wamp\www\70shop\Application\Admin\Model\GoodsModel.class.php 第 709 行.
NOTIC: [2048] Declaration of Admin\Model\GoodsModel::_before_delete() should be compatible with Think\Model::_before_delete($options) D:\wamp\www\70shop\Application\Admin\Model\GoodsModel.class.php 第 709 行.
NOTIC: [8] Constant APP_DEBUG already defined D:\wamp\www\70shop\Application\Admin\Model\GoodsModel.class.php 第 4 行.
SQL: SHOW COLUMNS FROM `p70_goods` [ RunTime:0.0040s ]
SQL: SELECT COUNT(*) AS tp_count FROM p70_goods a LIMIT 1   [ RunTime:0.0000s ]
SQL: SELECT a.*,b.brand_name,c.cat_name,GROUP_CONCAT(e.cat_name) ext_cat_name FROM p70_goods a LEFT JOIN p70_brand b ON a.brand_id=b.id 
                LEFT JOIN p70_category c ON a.cat_id=c.id
                LEFT JOIN p70_goods_cat d ON a.id=d.goods_id 
                LEFT JOIN p70_category e ON d.cat_id=e.id
              GROUP BY a.id ORDER BY a.id desc LIMIT 0,15   [ RunTime:0.0040s ]
NOTIC: [2048] Declaration of Admin\Model\CategoryModel::_before_delete() should be compatible with Think\Model::_before_delete($options) D:\wamp\www\70shop\Application\Admin\Model\CategoryModel.class.php 第 265 行.
SQL: SHOW COLUMNS FROM `p70_category` [ RunTime:0.0040s ]
SQL: SELECT * FROM `p70_category`  [ RunTime:0.0010s ]
INFO: [ view_parse ] --START--
INFO: [ template_filter ] --START--
INFO: Run Behavior\ContentReplaceBehavior [ RunTime:0.000000s ]
INFO: [ template_filter ] --END-- [ RunTime:0.000000s ]
SQL: SHOW COLUMNS FROM `p70_brand` [ RunTime:0.0080s ]
SQL: SELECT `id`,`brand_name` FROM `p70_brand`  [ RunTime:0.0010s ]
INFO: Run Behavior\ParseTemplateBehavior [ RunTime:0.050003s ]
INFO: [ view_parse ] --END-- [ RunTime:0.050003s ]
INFO: [ view_filter ] --START--
INFO: Run Behavior\WriteHtmlCacheBehavior [ RunTime:0.001000s ]
INFO: [ view_filter ] --END-- [ RunTime:0.001000s ]
INFO: [ app_end ] --START--
INFO: Run Behavior\ShowPageTraceBehavior [ RunTime:0.001001s ]
INFO: [ app_end ] --END-- [ RunTime:0.001001s ]

[ 2018-02-20T23:27:36+08:00 ] 127.0.0.1 /index.php/Admin/Goods/lst/p/3.html
INFO: [ app_init ] --START--
INFO: Run Behavior\BuildLiteBehavior [ RunTime:0.000000s ]
INFO: [ app_init ] --END-- [ RunTime:0.001000s ]
INFO: [ app_begin ] --START--
INFO: Run Behavior\ReadHtmlCacheBehavior [ RunTime:0.001000s ]
INFO: [ app_begin ] --END-- [ RunTime:0.001000s ]
SQL: SHOW COLUMNS FROM `p70_privilege` [ RunTime:0.0030s ]
NOTIC: [2048] Declaration of Admin\Model\GoodsModel::_after_insert() should be compatible with Think\Model::_after_insert($data, $options) D:\wamp\www\70shop\Application\Admin\Model\GoodsModel.class.php 第 709 行.
NOTIC: [2048] Declaration of Admin\Model\GoodsModel::_before_delete() should be compatible with Think\Model::_before_delete($options) D:\wamp\www\70shop\Application\Admin\Model\GoodsModel.class.php 第 709 行.
NOTIC: [8] Constant APP_DEBUG already defined D:\wamp\www\70shop\Application\Admin\Model\GoodsModel.class.php 第 4 行.
SQL: SHOW COLUMNS FROM `p70_goods` [ RunTime:0.0040s ]
SQL: SELECT COUNT(*) AS tp_count FROM p70_goods a LIMIT 1   [ RunTime:0.0000s ]
SQL: SELECT a.*,b.brand_name,c.cat_name,GROUP_CONCAT(e.cat_name) ext_cat_name FROM p70_goods a LEFT JOIN p70_brand b ON a.brand_id=b.id 
                LEFT JOIN p70_category c ON a.cat_id=c.id
                LEFT JOIN p70_goods_cat d ON a.id=d.goods_id 
                LEFT JOIN p70_category e ON d.cat_id=e.id
              GROUP BY a.id ORDER BY a.id desc LIMIT 30,15   [ RunTime:0.0010s ]
NOTIC: [2048] Declaration of Admin\Model\CategoryModel::_before_delete() should be compatible with Think\Model::_before_delete($options) D:\wamp\www\70shop\Application\Admin\Model\CategoryModel.class.php 第 265 行.
SQL: SHOW COLUMNS FROM `p70_category` [ RunTime:0.0050s ]
SQL: SELECT * FROM `p70_category`  [ RunTime:0.0010s ]
INFO: [ view_parse ] --START--
INFO: [ template_filter ] --START--
INFO: Run Behavior\ContentReplaceBehavior [ RunTime:0.000000s ]
INFO: [ template_filter ] --END-- [ RunTime:0.000000s ]
SQL: SHOW COLUMNS FROM `p70_brand` [ RunTime:0.0030s ]
SQL: SELECT `id`,`brand_name` FROM `p70_brand`  [ RunTime:0.0010s ]
INFO: Run Behavior\ParseTemplateBehavior [ RunTime:0.028002s ]
INFO: [ view_parse ] --END-- [ RunTime:0.028002s ]
INFO: [ view_filter ] --START--
INFO: Run Behavior\WriteHtmlCacheBehavior [ RunTime:0.000000s ]
INFO: [ view_filter ] --END-- [ RunTime:0.031002s ]
INFO: [ app_end ] --START--
INFO: Run Behavior\ShowPageTraceBehavior [ RunTime:0.001000s ]
INFO: [ app_end ] --END-- [ RunTime:0.001000s ]

[ 2018-02-20T23:27:41+08:00 ] 127.0.0.1 /index.php/Admin/Goods/edit/id/2.html
INFO: [ app_init ] --START--
INFO: Run Behavior\BuildLiteBehavior [ RunTime:0.000000s ]
INFO: [ app_init ] --END-- [ RunTime:0.002000s ]
INFO: [ app_begin ] --START--
INFO: Run Behavior\ReadHtmlCacheBehavior [ RunTime:0.001001s ]
INFO: [ app_begin ] --END-- [ RunTime:0.001001s ]
SQL: SHOW COLUMNS FROM `p70_privilege` [ RunTime:0.0040s ]
NOTIC: [2048] Declaration of Admin\Model\GoodsModel::_after_insert() should be compatible with Think\Model::_after_insert($data, $options) D:\wamp\www\70shop\Application\Admin\Model\GoodsModel.class.php 第 709 行.
NOTIC: [2048] Declaration of Admin\Model\GoodsModel::_before_delete() should be compatible with Think\Model::_before_delete($options) D:\wamp\www\70shop\Application\Admin\Model\GoodsModel.class.php 第 709 行.
NOTIC: [8] Constant APP_DEBUG already defined D:\wamp\www\70shop\Application\Admin\Model\GoodsModel.class.php 第 4 行.
SQL: SHOW COLUMNS FROM `p70_goods` [ RunTime:0.0040s ]
SQL: SELECT * FROM `p70_goods` WHERE `id` = 2 LIMIT 1   [ RunTime:0.0010s ]
SQL: SHOW COLUMNS FROM `p70_member_level` [ RunTime:0.0060s ]
SQL: SELECT * FROM `p70_member_level`  [ RunTime:0.0010s ]
SQL: SHOW COLUMNS FROM `p70_member_price` [ RunTime:0.0040s ]
SQL: SELECT * FROM `p70_member_price` WHERE `goods_id` = '2'  [ RunTime:0.0010s ]
SQL: SHOW COLUMNS FROM `p70_goods_pic` [ RunTime:0.0040s ]
SQL: SELECT `id`,`mid_pic` FROM `p70_goods_pic` WHERE `goods_id` = '2'  [ RunTime:0.0010s ]
NOTIC: [2048] Declaration of Admin\Model\CategoryModel::_before_delete() should be compatible with Think\Model::_before_delete($options) D:\wamp\www\70shop\Application\Admin\Model\CategoryModel.class.php 第 265 行.
SQL: SHOW COLUMNS FROM `p70_category` [ RunTime:0.0030s ]
SQL: SELECT * FROM `p70_category`  [ RunTime:0.0010s ]
SQL: SHOW COLUMNS FROM `p70_goods_cat` [ RunTime:0.0030s ]
SQL: SELECT * FROM `p70_goods_cat` WHERE `goods_id` = 2  [ RunTime:0.0000s ]
SQL: SHOW COLUMNS FROM `p70_attribute` [ RunTime:0.0030s ]
SQL: SELECT a.id attr_id,a.attr_name,a.attr_name,a.attr_type,a.attr_option_values,b.attr_value,b.id FROM p70_attribute a LEFT JOIN p70_goods_attr b ON (b.attr_id=a.id AND b.goods_id=2)  WHERE `type_id` = '0'  [ RunTime:0.0000s ]
NOTIC: [8] Undefined variable: _mpData D:\wamp\www\70shop\Application\Admin\Controller\GoodsController.class.php 第 119 行.
INFO: [ view_parse ] --START--
INFO: [ template_filter ] --START--
INFO: Run Behavior\ContentReplaceBehavior [ RunTime:0.000000s ]
INFO: [ template_filter ] --END-- [ RunTime:0.000000s ]
NOTIC: [8] Undefined variable: v1 D:\wamp\www\70shop\Application\Runtime\Cache\Admin\608b0c961c661bd6d45820311b4b75a7.php 第 80 行.
NOTIC: [8] Undefined variable: v1 D:\wamp\www\70shop\Application\Runtime\Cache\Admin\608b0c961c661bd6d45820311b4b75a7.php 第 80 行.
NOTIC: [8] Undefined variable: v1 D:\wamp\www\70shop\Application\Runtime\Cache\Admin\608b0c961c661bd6d45820311b4b75a7.php 第 80 行.
NOTIC: [8] Undefined variable: v1 D:\wamp\www\70shop\Application\Runtime\Cache\Admin\608b0c961c661bd6d45820311b4b75a7.php 第 80 行.
NOTIC: [8] Undefined variable: v1 D:\wamp\www\70shop\Application\Runtime\Cache\Admin\608b0c961c661bd6d45820311b4b75a7.php 第 80 行.
NOTIC: [8] Undefined variable: v1 D:\wamp\www\70shop\Application\Runtime\Cache\Admin\608b0c961c661bd6d45820311b4b75a7.php 第 80 行.
NOTIC: [8] Undefined variable: v1 D:\wamp\www\70shop\Application\Runtime\Cache\Admin\608b0c961c661bd6d45820311b4b75a7.php 第 80 行.
NOTIC: [8] Undefined variable: v1 D:\wamp\www\70shop\Application\Runtime\Cache\Admin\608b0c961c661bd6d45820311b4b75a7.php 第 80 行.
NOTIC: [8] Undefined variable: v1 D:\wamp\www\70shop\Application\Runtime\Cache\Admin\608b0c961c661bd6d45820311b4b75a7.php 第 80 行.
NOTIC: [8] Undefined variable: v1 D:\wamp\www\70shop\Application\Runtime\Cache\Admin\608b0c961c661bd6d45820311b4b75a7.php 第 80 行.
NOTIC: [8] Undefined variable: v1 D:\wamp\www\70shop\Application\Runtime\Cache\Admin\608b0c961c661bd6d45820311b4b75a7.php 第 80 行.
NOTIC: [8] Undefined variable: v1 D:\wamp\www\70shop\Application\Runtime\Cache\Admin\608b0c961c661bd6d45820311b4b75a7.php 第 80 行.
NOTIC: [8] Undefined variable: v1 D:\wamp\www\70shop\Application\Runtime\Cache\Admin\608b0c961c661bd6d45820311b4b75a7.php 第 80 行.
NOTIC: [8] Undefined variable: v1 D:\wamp\www\70shop\Application\Runtime\Cache\Admin\608b0c961c661bd6d45820311b4b75a7.php 第 80 行.
NOTIC: [8] Undefined variable: v1 D:\wamp\www\70shop\Application\Runtime\Cache\Admin\608b0c961c661bd6d45820311b4b75a7.php 第 80 行.
NOTIC: [8] Undefined variable: v1 D:\wamp\www\70shop\Application\Runtime\Cache\Admin\608b0c961c661bd6d45820311b4b75a7.php 第 80 行.
NOTIC: [8] Undefined variable: v1 D:\wamp\www\70shop\Application\Runtime\Cache\Admin\608b0c961c661bd6d45820311b4b75a7.php 第 80 行.
NOTIC: [8] Undefined variable: v1 D:\wamp\www\70shop\Application\Runtime\Cache\Admin\608b0c961c661bd6d45820311b4b75a7.php 第 80 行.
NOTIC: [8] Undefined variable: v1 D:\wamp\www\70shop\Application\Runtime\Cache\Admin\608b0c961c661bd6d45820311b4b75a7.php 第 80 行.
NOTIC: [8] Undefined variable: v1 D:\wamp\www\70shop\Application\Runtime\Cache\Admin\608b0c961c661bd6d45820311b4b75a7.php 第 80 行.
NOTIC: [8] Undefined variable: v1 D:\wamp\www\70shop\Application\Runtime\Cache\Admin\608b0c961c661bd6d45820311b4b75a7.php 第 80 行.
NOTIC: [8] Undefined variable: v1 D:\wamp\www\70shop\Application\Runtime\Cache\Admin\608b0c961c661bd6d45820311b4b75a7.php 第 80 行.
NOTIC: [8] Undefined variable: v1 D:\wamp\www\70shop\Application\Runtime\Cache\Admin\608b0c961c661bd6d45820311b4b75a7.php 第 80 行.
SQL: SHOW COLUMNS FROM `p70_brand` [ RunTime:0.0040s ]
SQL: SELECT `id`,`brand_name` FROM `p70_brand`  [ RunTime:0.0010s ]
SQL: SHOW COLUMNS FROM `p70_type` [ RunTime:0.0060s ]
SQL: SELECT `id`,`type_name` FROM `p70_type`  [ RunTime:0.0010s ]
INFO: Run Behavior\ParseTemplateBehavior [ RunTime:0.033002s ]
INFO: [ view_parse ] --END-- [ RunTime:0.034002s ]
INFO: [ view_filter ] --START--
INFO: Run Behavior\WriteHtmlCacheBehavior [ RunTime:0.002000s ]
INFO: [ view_filter ] --END-- [ RunTime:0.002000s ]
INFO: [ app_end ] --START--
INFO: Run Behavior\ShowPageTraceBehavior [ RunTime:0.002000s ]
INFO: [ app_end ] --END-- [ RunTime:0.002000s ]

